

////////////////////////////////////////////////////
Engine version: 050616, time: Mon Jul 25 16:42:55 2005



////////////////////////////////////////////////////
Engine version: 050616, time: Mon Jul 25 17:24:01 2005



////////////////////////////////////////////////////
Engine version: 050616, time: Mon Jul 25 17:24:12 2005



////////////////////////////////////////////////////
Engine version: 050616, time: Mon Jul 25 17:46:45 2005



////////////////////////////////////////////////////
Engine version: 050616, time: Mon Jul 25 17:46:56 2005



////////////////////////////////////////////////////
Engine version: 050616, time: Thu Jul 28 09:29:10 2005



////////////////////////////////////////////////////
Engine version: 050616, time: Thu Jul 28 16:53:15 2005



////////////////////////////////////////////////////
Engine version: 050616, time: Thu Jul 28 17:03:59 2005



////////////////////////////////////////////////////
Engine version: 050616, time: Thu Jul 28 17:10:42 2005



////////////////////////////////////////////////////
Engine version: 050616, time: Thu Jul 28 17:25:39 2005



////////////////////////////////////////////////////
Engine version: 050616, time: Thu Jul 28 18:41:14 2005



////////////////////////////////////////////////////
Engine version: 050616, time: Thu Jul 28 18:46:18 2005



////////////////////////////////////////////////////
Engine version: 050616, time: Thu Jul 28 19:04:13 2005



////////////////////////////////////////////////////
Engine version: 050616, time: Thu Jul 28 19:07:12 2005

GetTraversalTime 3: car 1 oper 4 (5->3) 100.940000 99.751667
UpdateTarget 3: 1:5->3 end of run 103.581000 at t=100.940000 index(-3)
UpdateTarget 4: 1 5 3 end of run 91.989000 at t=100.940000
UpdateTarget 5: 1 5 3 commitment 97.485000 (89.567000 91.989000) at t=100.940000
GetDisplayedPosition 1: car 1, time into run 11.373000 vs 10.323667 at t=100.940000
GetDisplayedPosition 1: car 1, time into run 11.373000 vs 10.323667 at t=100.940000
UpdateTarget 7: idle car 1 dir 0 now with 2 calls at t=375.214333
UpdateTarget 7: idle car 1 dir 0 now with 2 calls at t=377.191333


////////////////////////////////////////////////////
Engine version: 050616, time: Thu Jul 28 19:31:20 2005

