

////////////////////////////////////////////////////
Engine version: 0501117A, time: Fri Nov 18 06:46:09 2005

RegeneratePlan(hwy=2,time=16.603000)
Regenerated
RegeneratePlan(hwy=2,time=43.853000)
Regenerated
RegeneratePlan(hwy=2,time=336.546000)
Regenerated


////////////////////////////////////////////////////
Engine version: 0501117A, time: Fri Nov 18 06:49:42 2005

RegeneratePlan(hwy=2,time=16.603000)
Regenerated
RegeneratePlan(hwy=2,time=43.853000)
Regenerated
RegeneratePlan(hwy=2,time=336.546000)
Regenerated


////////////////////////////////////////////////////
Engine version: 0501117A, time: Fri Nov 18 06:50:58 2005

RegeneratePlan(hwy=2,time=16.603000)
Regenerated
RegeneratePlan(hwy=2,time=43.853000)
Regenerated
RegeneratePlan(hwy=2,time=336.546000)
Regenerated


////////////////////////////////////////////////////
Engine version: 0501117A, time: Fri Nov 18 06:57:34 2005

RegeneratePlan(hwy=2,time=16.603000)
Regenerated
RegeneratePlan(hwy=2,time=43.853000)
Regenerated
RegeneratePlan(hwy=2,time=336.546000)
Regenerated


////////////////////////////////////////////////////
Engine version: 0501117A, time: Fri Nov 18 07:05:02 2005

RegeneratePlan(hwy=2,time=16.603000)
Regenerated
RegeneratePlan(hwy=2,time=43.853000)
Regenerated
RegeneratePlan(hwy=2,time=336.546000)
Regenerated
RegeneratePlan(hwy=2,time=756.916000)
Regenerated
RegeneratePlan(hwy=2,time=793.413000)
Regenerated


////////////////////////////////////////////////////
Engine version: 0501117A, time: Fri Nov 18 07:08:16 2005



////////////////////////////////////////////////////
Engine version: 0501117A, time: Fri Nov 18 07:08:19 2005

RegeneratePlan(hwy=2,time=16.603000)
Regenerated
RegeneratePlan(hwy=2,time=43.853000)
Regenerated
RegeneratePlan(hwy=2,time=336.546000)
Regenerated
RegeneratePlan(hwy=2,time=756.916000)
Regenerated
RegeneratePlan(hwy=2,time=793.413000)
Regenerated


////////////////////////////////////////////////////
Engine version: 0501117A, time: Mon Nov 21 23:26:30 2005



////////////////////////////////////////////////////
Engine version: 0501117A, time: Mon Nov 21 23:28:13 2005



////////////////////////////////////////////////////
Engine version: 0501117A, time: Mon Nov 21 23:28:18 2005



////////////////////////////////////////////////////
Engine version: 0501117A, time: Mon Nov 21 23:31:50 2005



////////////////////////////////////////////////////
Engine version: 0501117A, time: Mon Nov 21 23:32:34 2005



////////////////////////////////////////////////////
Engine version: 0501117A, time: Mon Nov 21 23:33:54 2005



////////////////////////////////////////////////////
Engine version: 0501117A, time: Mon Nov 21 23:34:30 2005



////////////////////////////////////////////////////
Engine version: 0501117A, time: Mon Nov 21 23:34:53 2005



////////////////////////////////////////////////////
Engine version: 0501117A, time: Mon Nov 21 23:37:06 2005



////////////////////////////////////////////////////
Engine version: 0501117A, time: Mon Nov 21 23:38:15 2005



////////////////////////////////////////////////////
Engine version: 0501117A, time: Mon Nov 21 23:38:33 2005



////////////////////////////////////////////////////
Engine version: 0501117A, time: Mon Nov 21 23:38:44 2005



////////////////////////////////////////////////////
Engine version: 0501117A, time: Mon Nov 21 23:38:53 2005



////////////////////////////////////////////////////
Engine version: 0501117A, time: Mon Nov 21 23:38:57 2005



////////////////////////////////////////////////////
Engine version: 0501117A, time: Mon Nov 21 23:39:39 2005



////////////////////////////////////////////////////
Engine version: 0501117A, time: Mon Nov 21 23:42:10 2005



////////////////////////////////////////////////////
Engine version: 0501117A, time: Mon Nov 21 23:42:57 2005



////////////////////////////////////////////////////
Engine version: 0501117A, time: Mon Nov 21 23:47:43 2005



////////////////////////////////////////////////////
Engine version: 0501117A, time: Mon Nov 21 23:50:05 2005



////////////////////////////////////////////////////
Engine version: 0501117A, time: Mon Nov 21 23:54:24 2005



////////////////////////////////////////////////////
Engine version: 0501117A, time: Mon Nov 21 23:55:02 2005

RegeneratePlan(hwy=0,time=57.755000)
Regenerated


////////////////////////////////////////////////////
Engine version: 0501117A, time: Mon Nov 21 23:55:27 2005



////////////////////////////////////////////////////
Engine version: 0501117A, time: Mon Nov 21 23:56:35 2005



////////////////////////////////////////////////////
Engine version: 0501117A, time: Mon Nov 21 23:57:14 2005



////////////////////////////////////////////////////
Engine version: 0501117A, time: Mon Nov 21 23:57:46 2005



////////////////////////////////////////////////////
Engine version: 0501117A, time: Tue Nov 22 00:00:47 2005



////////////////////////////////////////////////////
Engine version: 0501117A, time: Tue Nov 22 00:02:08 2005



////////////////////////////////////////////////////
Engine version: 0501117A, time: Tue Nov 22 00:05:53 2005



////////////////////////////////////////////////////
Engine version: 0501117A, time: Tue Nov 22 00:06:37 2005



////////////////////////////////////////////////////
Engine version: 0501117A, time: Tue Nov 22 00:06:56 2005



////////////////////////////////////////////////////
Engine version: 0501117A, time: Tue Nov 22 00:07:00 2005



////////////////////////////////////////////////////
Engine version: 0501117A, time: Tue Nov 22 00:07:37 2005



////////////////////////////////////////////////////
Engine version: 0501117A, time: Tue Nov 22 00:08:24 2005



////////////////////////////////////////////////////
Engine version: 0501117A, time: Tue Nov 22 00:09:20 2005



////////////////////////////////////////////////////
Engine version: 0501117A, time: Tue Nov 22 00:19:20 2005

RegeneratePlan(hwy=3,time=44.647000)
Regenerated
RegeneratePlan(hwy=3,time=124.932000)
Regenerated


////////////////////////////////////////////////////
Engine version: 0501117A, time: Tue Nov 22 00:21:55 2005

RegeneratePlan(hwy=3,time=44.647000)
Regenerated
RegeneratePlan(hwy=3,time=124.932000)
Regenerated


////////////////////////////////////////////////////
Engine version: 0501117A, time: Tue Nov 22 00:26:39 2005

RegeneratePlan(hwy=3,time=44.647000)
Regenerated
RegeneratePlan(hwy=3,time=124.932000)
Regenerated


////////////////////////////////////////////////////
Engine version: 0501117A, time: Tue Nov 22 00:27:42 2005

RegeneratePlan(hwy=3,time=44.647000)
Regenerated
RegeneratePlan(hwy=3,time=124.932000)
Regenerated


////////////////////////////////////////////////////
Engine version: 0501117A, time: Tue Nov 22 00:29:36 2005

RegeneratePlan(hwy=3,time=44.647000)
Regenerated
RegeneratePlan(hwy=3,time=124.932000)
Regenerated


////////////////////////////////////////////////////
Engine version: 0501117A, time: Tue Nov 22 00:57:48 2005



////////////////////////////////////////////////////
Engine version: 0501117A, time: Tue Nov 22 00:58:14 2005



////////////////////////////////////////////////////
Engine version: 0501117A, time: Tue Nov 22 01:00:03 2005



////////////////////////////////////////////////////
Engine version: 0501117A, time: Tue Nov 22 01:01:39 2005



////////////////////////////////////////////////////
Engine version: 0501117A, time: Tue Nov 22 01:02:58 2005



////////////////////////////////////////////////////
Engine version: 0501117A, time: Tue Nov 22 01:04:57 2005



////////////////////////////////////////////////////
Engine version: 0501117A, time: Tue Nov 22 01:09:53 2005



////////////////////////////////////////////////////
Engine version: 0501117A, time: Tue Nov 22 01:10:52 2005



////////////////////////////////////////////////////
Engine version: 0501117A, time: Tue Nov 22 01:11:14 2005



////////////////////////////////////////////////////
Engine version: 0501117A, time: Tue Nov 22 01:16:02 2005



////////////////////////////////////////////////////
Engine version: 0501117A, time: Tue Nov 22 01:21:54 2005

RegeneratePlan(hwy=2,time=727.138000)
Regenerated


////////////////////////////////////////////////////
Engine version: 0501117A, time: Tue Nov 22 01:38:02 2005



////////////////////////////////////////////////////
Engine version: 0501117A, time: Tue Nov 22 01:39:50 2005



////////////////////////////////////////////////////
Engine version: 0501117A, time: Tue Nov 22 01:48:10 2005



////////////////////////////////////////////////////
Engine version: 0501117A, time: Tue Nov 22 02:03:58 2005



////////////////////////////////////////////////////
Engine version: 0501117A, time: Tue Nov 22 02:04:43 2005



////////////////////////////////////////////////////
Engine version: 0501117A, time: Tue Nov 22 02:04:52 2005



////////////////////////////////////////////////////
Engine version: 0501117A, time: Fri Nov 25 17:43:49 2005



////////////////////////////////////////////////////
Engine version: 0501117A, time: Tue Jan 10 11:44:37 2006



////////////////////////////////////////////////////
Engine version: 0501117A, time: Tue Jan 10 11:44:55 2006



////////////////////////////////////////////////////
Engine version: 0501117A, time: Tue Jan 10 11:45:04 2006

