

////////////////////////////////////////////////////
Engine version: 060119, time: Mon Feb 20 14:39:37 2006

IsValidTargetCommand: target(0) ncf(0) oper(0) dir(11) at t=12.696222
UpdateTarget 7: idle car 0 dir 1 now with 1 calls at t=20.060000
UpdateTarget 7: idle car 5 dir -1 now with 1 calls at t=31.080000
GetDisplayedPosition 1: car 0, time into run 11.450000 vs 11.350000 at t=41.828908
GetDisplayedPosition 1: car 0, time into run 11.484240 vs 11.350000 at t=41.863148
GetDisplayedPosition 1: car 0, time into run 11.984240 vs 11.350000 at t=42.363148
GetDisplayedPosition 1: car 0, time into run 12.132258 vs 11.350000 at t=42.511166
GetDisplayedPosition 1: car 0, time into run 12.237314 vs 11.350000 at t=42.616222
GetDisplayedPosition 1: car 0, time into run 12.484129 vs 11.350000 at t=42.863037
GetDisplayedPosition 1: car 0, time into run 12.549571 vs 11.350000 at t=42.928480
GetDisplayedPosition 1: car 0, time into run 12.850000 vs 11.350000 at t=43.228908
GetDisplayedPosition 1: car 0, time into run 13.049571 vs 11.350000 at t=43.428480
GetDisplayedPosition 1: car 0, time into run 13.371092 vs 11.350000 at t=43.750000
GetDisplayedPosition 1: car 0, time into run 13.449571 vs 11.350000 at t=43.828480
GetDisplayedPosition 1: car 0, time into run 14.326768 vs 11.350000 at t=44.705676
GetDisplayedPosition 1: car 0, time into run 14.521092 vs 11.350000 at t=44.900000
GetDisplayedPosition 1: car 0, time into run 14.707351 vs 11.350000 at t=45.086259
GetDisplayedPosition 1: car 0, time into run 14.732258 vs 11.350000 at t=45.111166
GetDisplayedPosition 1: car 0, time into run 14.826768 vs 11.350000 at t=45.205676
GetDisplayedPosition 1: car 0, time into run 14.950000 vs 11.350000 at t=45.328908
GetDisplayedPosition 1: car 0, time into run 15.207240 vs 11.350000 at t=45.586148
GetDisplayedPosition 1: car 0, time into run 15.207351 vs 11.350000 at t=45.586259
GetDisplayedPosition 1: car 0, time into run 15.326768 vs 11.350000 at t=45.705676
GetDisplayedPosition 1: car 0, time into run 15.450000 vs 11.350000 at t=45.828908
GetDisplayedPosition 1: car 0, time into run 15.450000 vs 11.350000 at t=45.828908
IsValidTargetCommand: target(0) ncf(0) oper(0) dir(11) at t=45.986259
GetDisplayedPosition 1: car 0, time into run 15.607351 vs 11.350000 at t=45.986259
GetDisplayedPosition 1: car 0, time into run 15.707240 vs 11.350000 at t=46.086148
GetDisplayedPosition 1: car 5, time into run 8.396111 vs 8.296222 at t=46.086148
GetDisplayedPosition 1: car 5, time into run 8.538871 vs 8.296222 at t=46.228908
GetDisplayedPosition 1: car 5, time into run 8.896111 vs 8.296222 at t=46.586148
GetDisplayedPosition 1: car 5, time into run 9.921129 vs 8.296222 at t=47.611166
GetDisplayedPosition 1: car 5, time into run 10.105093 vs 8.296222 at t=47.795130
GetDisplayedPosition 1: car 5, time into run 10.605093 vs 8.296222 at t=48.295130
GetDisplayedPosition 1: car 5, time into run 10.638871 vs 8.296222 at t=48.328908
GetDisplayedPosition 1: car 5, time into run 10.799963 vs 8.296222 at t=48.490000
GetDisplayedPosition 1: car 5, time into run 10.871129 vs 8.296222 at t=48.561166
GetDisplayedPosition 1: car 5, time into run 10.871129 vs 8.296222 at t=48.561166
GetDisplayedPosition 1: car 5, time into run 11.005093 vs 8.296222 at t=48.695130
GetDisplayedPosition 1: car 5, time into run 11.588871 vs 8.296222 at t=49.278908
GetDisplayedPosition 1: car 5, time into run 11.619222 vs 8.296222 at t=49.309259
GetDisplayedPosition 1: car 5, time into run 12.019963 vs 8.296222 at t=49.710000
GetDisplayedPosition 1: car 5, time into run 12.119222 vs 8.296222 at t=49.809259
GetDisplayedPosition 1: car 5, time into run 12.136693 vs 8.296222 at t=49.826731
GetDisplayedPosition 1: car 5, time into run 12.505093 vs 8.296222 at t=50.195130
GetDisplayedPosition 1: car 0, time into run 5.480564 vs 5.381129 at t=53.809473
GetDisplayedPosition 1: car 0, time into run 5.980564 vs 5.381129 at t=54.309473
GetDisplayedPosition 1: car 0, time into run 6.051092 vs 5.381129 at t=54.380000
GetDisplayedPosition 1: car 0, time into run 6.881129 vs 5.381129 at t=55.210037
GetDisplayedPosition 1: car 0, time into run 6.966222 vs 5.381129 at t=55.295130
GetDisplayedPosition 1: car 0, time into run 7.246129 vs 5.381129 at t=55.575037
GetDisplayedPosition 1: car 0, time into run 7.746129 vs 5.381129 at t=56.075037
GetDisplayedPosition 1: car 0, time into run 7.747868 vs 5.381129 at t=56.076776
GetDisplayedPosition 1: car 0, time into run 7.916222 vs 5.381129 at t=56.245130
GetDisplayedPosition 1: car 0, time into run 7.980351 vs 5.381129 at t=56.309259
UpdateTarget 7: idle car 4 dir 1 now with 1 calls at t=99.690000
GetDisplayedPosition 1: car 0, time into run 11.363000 vs 11.350000 at t=99.738610
GetDisplayedPosition 1: car 0, time into run 11.794390 vs 11.350000 at t=100.170000
GetDisplayedPosition 1: car 0, time into run 11.797388 vs 11.350000 at t=100.172998
GetDisplayedPosition 1: car 0, time into run 11.863000 vs 11.350000 at t=100.238610
GetDisplayedPosition 1: car 0, time into run 12.024390 vs 11.350000 at t=100.400000
GetDisplayedPosition 1: car 0, time into run 12.074390 vs 11.350000 at t=100.450000
UpdateTarget 7: idle car 7 dir -1 now with 1 calls at t=110.540000
GetDisplayedPosition 1: car 4, time into run 5.411129 vs 5.381129 at t=112.961129
GetDisplayedPosition 1: car 4, time into run 5.599071 vs 5.381129 at t=113.149071
GetDisplayedPosition 1: car 4, time into run 5.860000 vs 5.381129 at t=113.410000
GetDisplayedPosition 1: car 4, time into run 5.911129 vs 5.381129 at t=113.461129
GetDisplayedPosition 1: car 4, time into run 6.138610 vs 5.381129 at t=113.688610
GetTraversalTime 4: car 1 oper 11 (11->5) 120.130000 120.188610 / 20.000067 20.000000 [22.000000]
UpdateTarget 5: 1 11 5 commitment 115.688610 (109.238610 120.188610) at t=120.130000
GetTraversalTime 3: car 7 oper 11 (7->6) 121.120000 120.630200
UpdateTarget 3: 7:7->6 end of run 124.599071 at t=121.120000 index(-3)
UpdateTarget 4: 7 7 6 end of run 116.599071 at t=121.120000
UpdateTarget 5: 7 7 6 commitment 117.864635 (115.649071 116.599071) at t=121.120000
GetDisplayedPosition 1: car 7, time into run 5.470929 vs 5.381129 at t=121.120000
ProcessNextEvent 0: t_now( 121.120000 ) > Sys.t_nextEvent( 116.599071 )
UpdateFloorForAllCars: currentPos (21.358156 > 20.000000) for hoistway (0) at t=116.599071
GetDisplayedPosition 1: car 1, time into run -3.989539 vs 5.381129 at t=116.599071
GetDisplayedPosition 1: car 1, time into run -2.723975 vs 5.381129 at t=117.864635
GetDisplayedPosition 1: car 1, time into run -2.223975 vs 5.381129 at t=118.364635
GetDisplayedPosition 1: car 1, time into run -1.723975 vs 5.381129 at t=118.864635
GetDisplayedPosition 1: car 1, time into run -0.458410 vs 5.381129 at t=120.130200
GetDisplayedPosition 1: car 1, time into run 5.480564 vs 5.381129 at t=135.669174
GetDisplayedPosition 1: car 1, time into run 5.792519 vs 5.381129 at t=135.981129
GetDisplayedPosition 1: car 1, time into run 5.980564 vs 5.381129 at t=136.169174
GetDisplayedPosition 1: car 1, time into run 6.125554 vs 5.381129 at t=136.314164
GetDisplayedPosition 1: car 1, time into run 6.469212 vs 5.381129 at t=136.657822
GetDisplayedPosition 1: car 1, time into run 6.881129 vs 5.381129 at t=137.069739
GetDisplayedPosition 1: car 1, time into run 6.969212 vs 5.381129 at t=137.157822
GetDisplayedPosition 1: car 1, time into run 7.246129 vs 5.381129 at t=137.434739
GetDisplayedPosition 1: car 1, time into run 7.469212 vs 5.381129 at t=137.657822
GetDisplayedPosition 1: car 1, time into run 7.746129 vs 5.381129 at t=137.934739
GetDisplayedPosition 1: car 1, time into run 7.791590 vs 5.381129 at t=137.980200
GetDisplayedPosition 1: car 6, time into run 5.411129 vs 5.381129 at t=145.891329
GetDisplayedPosition 1: car 6, time into run 5.905103 vs 5.381129 at t=146.385303
GetDisplayedPosition 1: car 6, time into run 5.911129 vs 5.381129 at t=146.391329
GetDisplayedPosition 1: car 6, time into run 5.943187 vs 5.381129 at t=146.423387
UpdateTarget 7: idle car 3 dir -1 now with 1 calls at t=147.370000
GetDisplayedPosition 1: car 1, time into run 5.480564 vs 5.381129 at t=149.650303
GetDisplayedPosition 1: car 1, time into run 5.980564 vs 5.381129 at t=150.150303
GetDisplayedPosition 1: car 1, time into run 6.292519 vs 5.381129 at t=150.462258
GetDisplayedPosition 1: car 1, time into run 6.734777 vs 5.381129 at t=150.904515
GetDisplayedPosition 1: car 1, time into run 6.760461 vs 5.381129 at t=150.930200
GetDisplayedPosition 1: car 1, time into run 6.881129 vs 5.381129 at t=151.050868
GetDisplayedPosition 1: car 1, time into run 7.125554 vs 5.381129 at t=151.295293
GetDisplayedPosition 1: car 1, time into run 7.234777 vs 5.381129 at t=151.404515
GetDisplayedPosition 1: car 1, time into run 7.242519 vs 5.381129 at t=151.412258
GetDisplayedPosition 1: car 1, time into run 7.246129 vs 5.381129 at t=151.415868
GetDisplayedPosition 1: car 1, time into run 7.260461 vs 5.381129 at t=151.430200
GetDisplayedPosition 1: car 1, time into run 7.634777 vs 5.381129 at t=151.804515
GetDisplayedPosition 1: car 1, time into run 7.660461 vs 5.381129 at t=151.830200
GetDisplayedPosition 1: car 1, time into run 7.746129 vs 5.381129 at t=151.915868
GetDisplayedPosition 1: car 1, time into run 8.075554 vs 5.381129 at t=152.245293
GetTraversalTime 3: car 3 oper 11 (7->6) 157.480000 156.276422
UpdateTarget 3: 3:7->6 end of run 160.245293 at t=157.480000 index(-3)
UpdateTarget 4: 3 7 6 end of run 152.245293 at t=157.480000
UpdateTarget 5: 3 7 6 commitment 153.510857 (151.295293 152.245293) at t=157.480000
GetNextCommittableFloor 4: car 3, time into run 5.734707 vs 5.381129 at t=157.480000
GetDisplayedPosition 1: car 3, time into run 6.184707 vs 5.381129 at t=157.480000
ProcessNextEvent 0: t_now( 157.480000 ) > Sys.t_nextEvent( 152.245293 )
IsValidTargetCommand: target(0) ncf(0) oper(0) dir(11) at t=162.645293
GetDisplayedPosition 1: car 1, time into run 5.480564 vs 5.381129 at t=163.631432
GetDisplayedPosition 1: car 1, time into run 5.634777 vs 5.381129 at t=163.785644
GetDisplayedPosition 1: car 1, time into run 5.669132 vs 5.381129 at t=163.820000
GetDisplayedPosition 1: car 1, time into run 5.760461 vs 5.381129 at t=163.911329
GetDisplayedPosition 1: car 1, time into run 5.949132 vs 5.381129 at t=164.100000
GetDisplayedPosition 1: car 1, time into run 5.980564 vs 5.381129 at t=164.131432
GetDisplayedPosition 1: car 1, time into run 6.160461 vs 5.381129 at t=164.311329
GetDisplayedPosition 1: car 1, time into run 7.134777 vs 5.381129 at t=165.285644
GetDisplayedPosition 1: car 1, time into run 7.169132 vs 5.381129 at t=165.320000
GetDisplayedPosition 1: car 1, time into run 7.246129 vs 5.381129 at t=165.396996
GetDisplayedPosition 1: car 1, time into run 7.660461 vs 5.381129 at t=165.811329
GetDisplayedPosition 1: car 1, time into run 7.746129 vs 5.381129 at t=165.896996
GetDisplayedPosition 1: car 1, time into run 7.975554 vs 5.381129 at t=166.126422
GetTraversalTime 4: car 0 oper 11 (0->6) 184.870000 185.846996 / 23.725321 24.000000 [22.000000]
UpdateTarget 5: 0 0 6 commitment 181.346996 (174.896996 185.346996) at t=184.870000
UpdateTarget 7: idle car 5 dir -1 now with 1 calls at t=198.040000
GetDisplayedPosition 1: car 2, time into run 5.477129 vs 5.381129 at t=199.557129
GetDisplayedPosition 1: car 2, time into run 5.517822 vs 5.381129 at t=199.597822
GetDisplayedPosition 1: car 2, time into run 5.977129 vs 5.381129 at t=200.057129
GetDisplayedPosition 1: car 2, time into run 6.017822 vs 5.381129 at t=200.097822
GetTraversalTime 4: car 5 oper 11 (7->6) 233.530000 233.571329 / 24.000024 24.000000 [26.000000]
UpdateTarget 5: 5 7 6 commitment 230.805764 (228.590200 233.571329) at t=233.530000
IsValidTargetCommand: target(0) ncf(0) oper(0) dir(11) at t=239.940200
GetDisplayedPosition 1: car 7, time into run 8.448146 vs 8.296222 at t=246.273790
GetDisplayedPosition 1: car 7, time into run 8.756222 vs 8.296222 at t=246.581866
GetDisplayedPosition 1: car 7, time into run 8.948146 vs 8.296222 at t=246.773790
GetDisplayedPosition 1: car 7, time into run 9.128223 vs 8.296222 at t=246.953868
GetDisplayedPosition 1: car 7, time into run 9.256222 vs 8.296222 at t=247.081866
GetDisplayedPosition 1: car 7, time into run 9.450000 vs 8.296222 at t=247.275644
GetDisplayedPosition 1: car 7, time into run 9.628223 vs 8.296222 at t=247.453868
UpdateTarget 7: idle car 4 dir 1 now with 1 calls at t=262.120000
GetDisplayedPosition 1: car 1, time into run 5.399740 vs 5.381129 at t=263.804553
GetDisplayedPosition 1: car 1, time into run 5.480564 vs 5.381129 at t=263.885378
GetDisplayedPosition 1: car 1, time into run 5.841646 vs 5.381129 at t=264.246459
GetDisplayedPosition 1: car 1, time into run 5.980564 vs 5.381129 at t=264.385378
GetDisplayedPosition 1: car 1, time into run 6.771646 vs 5.381129 at t=265.176459
GetDisplayedPosition 1: car 1, time into run 6.881129 vs 5.381129 at t=265.285942
GetDisplayedPosition 1: car 1, time into run 6.899740 vs 5.381129 at t=265.304553
GetDisplayedPosition 1: car 1, time into run 7.246129 vs 5.381129 at t=265.650942
GetDisplayedPosition 1: car 1, time into run 7.530183 vs 5.381129 at t=265.934996
GetDisplayedPosition 1: car 1, time into run 7.746129 vs 5.381129 at t=266.150942
GetDisplayedPosition 1: car 1, time into run 8.037210 vs 5.381129 at t=266.442023
GetDisplayedPosition 1: car 4, time into run 5.411129 vs 5.381129 at t=268.707588
GetDisplayedPosition 1: car 4, time into run 5.608094 vs 5.381129 at t=268.904553
GetDisplayedPosition 1: car 4, time into run 5.753541 vs 5.381129 at t=269.050000
GetDisplayedPosition 1: car 4, time into run 5.911129 vs 5.381129 at t=269.207588
GetDisplayedPosition 1: car 4, time into run 6.088537 vs 5.381129 at t=269.384996
UpdateTarget 7: idle car 7 dir -1 now with 1 calls at t=270.390000
GetDisplayedPosition 1: car 1, time into run 7.128454 vs 7.028908 at t=279.514396
GetDisplayedPosition 1: car 1, time into run 7.177963 vs 7.028908 at t=279.563905
GetDisplayedPosition 1: car 1, time into run 7.314833 vs 7.028908 at t=279.700775
GetDisplayedPosition 1: car 1, time into run 7.628454 vs 7.028908 at t=280.014396
GetDisplayedPosition 1: car 1, time into run 8.528908 vs 7.028908 at t=280.914850
GetDisplayedPosition 1: car 1, time into run 8.814833 vs 7.028908 at t=281.200775
GetDisplayedPosition 1: car 1, time into run 8.860517 vs 7.028908 at t=281.246459
GetDisplayedPosition 1: car 1, time into run 8.861100 vs 7.028908 at t=281.247042
GetDisplayedPosition 1: car 1, time into run 9.361100 vs 7.028908 at t=281.747042
GetDisplayedPosition 1: car 1, time into run 9.677963 vs 7.028908 at t=282.063905
GetDisplayedPosition 1: car 1, time into run 9.717908 vs 7.028908 at t=282.103850
GetDisplayedPosition 1: car 1, time into run 9.810517 vs 7.028908 at t=282.196459
GetDisplayedPosition 1: car 1, time into run 9.861100 vs 7.028908 at t=282.247042
GetDisplayedPosition 1: car 1, time into run 10.217908 vs 7.028908 at t=282.603850
GetTraversalTime 3: car 7 oper 11 (7->6) 292.000000 291.281904
UpdateTarget 3: 7:7->6 end of run 295.250775 at t=292.000000 index(-3)
UpdateTarget 4: 7 7 6 end of run 287.250775 at t=292.000000
UpdateTarget 5: 7 7 6 commitment 288.516339 (286.300775 287.250775) at t=292.000000
GetDisplayedPosition 1: car 7, time into run 5.699225 vs 5.381129 at t=292.000000
ProcessNextEvent 0: t_now( 292.000000 ) > Sys.t_nextEvent( 287.250775 )
GetDisplayedPosition 1: car 1, time into run -0.764076 vs 5.381129 at t=287.250775
GetDisplayedPosition 1: car 0, time into run -0.764076 vs 10.350000 at t=287.250775
IsValidTargetCommand: target(0) ncf(0) oper(0) dir(11) at t=297.650775
IsValidTargetCommand: target(0) ncf(0) oper(0) dir(11) at t=316.315404
GetDisplayedPosition 1: car 1, time into run 5.480564 vs 5.381129 at t=333.395415
GetDisplayedPosition 1: car 1, time into run 5.785150 vs 5.381129 at t=333.700000
GetDisplayedPosition 1: car 1, time into run 5.934058 vs 5.381129 at t=333.848908
GetDisplayedPosition 1: car 1, time into run 5.980564 vs 5.381129 at t=333.895415
GetDisplayedPosition 1: car 1, time into run 6.116279 vs 5.381129 at t=334.031129
GetDisplayedPosition 1: car 1, time into run 6.382618 vs 5.381129 at t=334.297468
GetDisplayedPosition 1: car 1, time into run 6.881129 vs 5.381129 at t=334.795979
GetDisplayedPosition 1: car 1, time into run 6.882618 vs 5.381129 at t=334.797468
GetDisplayedPosition 1: car 1, time into run 7.246129 vs 5.381129 at t=335.160979
GetDisplayedPosition 1: car 1, time into run 7.335150 vs 5.381129 at t=335.250000
GetDisplayedPosition 1: car 1, time into run 7.382618 vs 5.381129 at t=335.297468
GetDisplayedPosition 1: car 1, time into run 7.746129 vs 5.381129 at t=335.660979
GetDisplayedPosition 1: car 1, time into run 7.915150 vs 5.381129 at t=335.830000
GetTraversalTime 3: car 1 oper 11 (8->7) 347.000000 346.877108
UpdateTarget 3: 1:8->7 end of run 347.345979 at t=347.000000 index(-2)
UpdateTarget 4: 1 8 7 end of run 342.845979 at t=347.000000
UpdateTarget 5: 1 8 7 commitment 344.111544 (341.895979 342.845979) at t=347.000000
ProcessNextEvent 0: t_now( 347.000000 ) > Sys.t_nextEvent( 342.845979 )
GetDisplayedPosition 1: car 7, time into run -1.217053 vs 5.381129 at t=342.845979
GetDisplayedPosition 1: car 6, time into run -2.785150 vs 5.381129 at t=342.845979
GetDisplayedPosition 1: car 6, time into run -1.519585 vs 5.381129 at t=344.111544
GetDisplayedPosition 1: car 6, time into run -1.019585 vs 5.381129 at t=344.611544
GetDisplayedPosition 1: car 6, time into run -0.519585 vs 5.381129 at t=345.111544
UpdateTarget 7: idle car 3 dir -1 now with 1 calls at t=352.260000
GetTraversalTime 4: car 3 oper 11 (7->6) 372.310000 373.040074 / 24.125652 24.000000 [26.000000]
UpdateTarget 5: 3 7 6 commitment 370.274510 (368.058946 372.540074) at t=372.310000
GetDisplayedPosition 1: car 1, time into run 5.480564 vs 5.381129 at t=389.276544
GetDisplayedPosition 1: car 1, time into run 5.564021 vs 5.381129 at t=389.360000
GetDisplayedPosition 1: car 1, time into run 5.862501 vs 5.381129 at t=389.658480
GetDisplayedPosition 1: car 1, time into run 5.980564 vs 5.381129 at t=389.776544
GetDisplayedPosition 1: car 1, time into run 6.334021 vs 5.381129 at t=390.130000
GetDisplayedPosition 1: car 1, time into run 6.469226 vs 5.381129 at t=390.265205
GetDisplayedPosition 1: car 1, time into run 6.881129 vs 5.381129 at t=390.677108
GetDisplayedPosition 1: car 1, time into run 7.246129 vs 5.381129 at t=391.042108
GetDisplayedPosition 1: car 1, time into run 7.407445 vs 5.381129 at t=391.203424
GetDisplayedPosition 1: car 1, time into run 7.746129 vs 5.381129 at t=391.542108
GetDisplayedPosition 1: car 1, time into run 7.907445 vs 5.381129 at t=391.703424
GetDisplayedPosition 1: car 2, time into run 5.411129 vs 5.381129 at t=404.276334
GetDisplayedPosition 1: car 2, time into run 5.788219 vs 5.381129 at t=404.653424
GetDisplayedPosition 1: car 2, time into run 5.861903 vs 5.381129 at t=404.727108
GetDisplayedPosition 1: car 2, time into run 5.886957 vs 5.381129 at t=404.752161
GetDisplayedPosition 1: car 2, time into run 5.911129 vs 5.381129 at t=404.776334
GetDisplayedPosition 1: car 2, time into run 6.288219 vs 5.381129 at t=405.153424
GetDisplayedPosition 1: car 1, time into run 11.450000 vs 11.350000 at t=409.227108
GetDisplayedPosition 1: car 1, time into run 11.538097 vs 11.350000 at t=409.315205
GetDisplayedPosition 1: car 1, time into run 12.038097 vs 11.350000 at t=409.815205
GetDisplayedPosition 1: car 1, time into run 12.438097 vs 11.350000 at t=410.215205
GetDisplayedPosition 1: car 1, time into run 12.850000 vs 11.350000 at t=410.627108
GetDisplayedPosition 1: car 1, time into run 12.876316 vs 11.350000 at t=410.653424
GetDisplayedPosition 1: car 1, time into run 13.002892 vs 11.350000 at t=410.780000
GetDisplayedPosition 1: car 1, time into run 13.346981 vs 11.350000 at t=411.124090
GetDisplayedPosition 1: car 1, time into run 13.376316 vs 11.350000 at t=411.153424
GetDisplayedPosition 1: car 1, time into run 13.499226 vs 11.350000 at t=411.276334
GetDisplayedPosition 1: car 1, time into run 13.502892 vs 11.350000 at t=411.280000
IsValidTargetCommand: target(0) ncf(0) oper(0) dir(11) at t=411.553424
GetDisplayedPosition 1: car 1, time into run 13.776316 vs 11.350000 at t=411.553424
GetDisplayedPosition 1: car 1, time into run 13.938097 vs 11.350000 at t=411.715205
GetDisplayedPosition 1: car 1, time into run 14.062892 vs 11.350000 at t=411.840000
GetDisplayedPosition 1: car 1, time into run 14.296981 vs 11.350000 at t=412.074090
GetDisplayedPosition 1: car 1, time into run 14.475053 vs 11.350000 at t=412.252161
GetDisplayedPosition 1: car 1, time into run 14.950000 vs 11.350000 at t=412.727108
GetDisplayedPosition 1: car 1, time into run 14.975053 vs 11.350000 at t=412.752161
GetDisplayedPosition 1: car 1, time into run 15.450000 vs 11.350000 at t=413.227108
GetDisplayedPosition 1: car 1, time into run 15.562892 vs 11.350000 at t=413.340000
GetDisplayedPosition 1: car 1, time into run 5.480564 vs 5.381129 at t=423.207672
GetDisplayedPosition 1: car 1, time into run 5.980564 vs 5.381129 at t=423.707672
GetDisplayedPosition 1: car 1, time into run 6.025053 vs 5.381129 at t=423.752161
GetDisplayedPosition 1: car 1, time into run 6.152892 vs 5.381129 at t=423.880000
GetDisplayedPosition 1: car 1, time into run 6.469226 vs 5.381129 at t=424.196334
GetDisplayedPosition 1: car 1, time into run 6.881129 vs 5.381129 at t=424.608237
GetDisplayedPosition 1: car 1, time into run 7.246129 vs 5.381129 at t=424.973237
GetDisplayedPosition 1: car 1, time into run 7.472892 vs 5.381129 at t=425.200000
GetDisplayedPosition 1: car 1, time into run 7.525890 vs 5.381129 at t=425.252998
GetDisplayedPosition 1: car 1, time into run 7.652892 vs 5.381129 at t=425.380000
GetDisplayedPosition 1: car 1, time into run 7.746129 vs 5.381129 at t=425.473237
UpdateTarget 7: idle car 6 dir 1 now with 1 calls at t=431.730000
IsValidTargetCommand: target(0) ncf(0) oper(0) dir(11) at t=437.089366
GetDisplayedPosition 1: car 1, time into run 5.480564 vs 5.381129 at t=437.188801
GetDisplayedPosition 1: car 1, time into run 5.487328 vs 5.381129 at t=437.195564
GetDisplayedPosition 1: car 1, time into run 5.980564 vs 5.381129 at t=437.688801
GetDisplayedPosition 1: car 1, time into run 5.987328 vs 5.381129 at t=437.695564
GetDisplayedPosition 1: car 1, time into run 6.025890 vs 5.381129 at t=437.734127
GetNextCommittableFloor 4: car 1, time into run 6.281763 vs 5.381129 at t=438.440000
GetNextCommittableFloor 4: car 1, time into run 6.281763 vs 5.381129 at t=438.440000
GetDisplayedPosition 1: car 1, time into run 6.731763 vs 5.381129 at t=438.440000
GetDisplayedPosition 1: car 1, time into run 6.975890 vs 5.381129 at t=438.684127
GetDisplayedPosition 1: car 1, time into run 7.081763 vs 5.381129 at t=438.790000
GetNextCommittableFloor 4: car 1, time into run 6.631763 vs 5.381129 at t=438.790000
GetNextCommittableFloor 4: car 1, time into run 6.631763 vs 5.381129 at t=438.790000
GetDisplayedPosition 1: car 1, time into run 7.081763 vs 5.381129 at t=438.790000
GetDisplayedPosition 1: car 1, time into run 7.246129 vs 5.381129 at t=438.954366
GetDisplayedPosition 1: car 1, time into run 7.252892 vs 5.381129 at t=438.961129
GetDisplayedPosition 1: car 1, time into run 7.421763 vs 5.381129 at t=439.130000
GetDisplayedPosition 1: car 1, time into run 7.746129 vs 5.381129 at t=439.454366
GetDisplayedPosition 1: car 1, time into run 7.752892 vs 5.381129 at t=439.461129
GetDisplayedPosition 1: car 1, time into run 7.961763 vs 5.381129 at t=439.670000
GetDisplayedPosition 1: car 6, time into run 5.411129 vs 5.381129 at t=444.541129
GetDisplayedPosition 1: car 6, time into run 5.485256 vs 5.381129 at t=444.615256
GetDisplayedPosition 1: car 6, time into run 5.911129 vs 5.381129 at t=445.041129
UpdateTarget 7: idle car 5 dir -1 now with 1 calls at t=454.540000
GetDisplayedPosition 1: car 4, time into run 5.411129 vs 5.381129 at t=498.335381
GetDisplayedPosition 1: car 4, time into run 5.911129 vs 5.381129 at t=498.835381
GetDisplayedPosition 1: car 4, time into run 5.997580 vs 5.381129 at t=498.921832
GetDisplayedPosition 1: car 1, time into run 5.480564 vs 5.381129 at t=513.902396
GetDisplayedPosition 1: car 1, time into run 5.568168 vs 5.381129 at t=513.990000
GetDisplayedPosition 1: car 1, time into run 5.618248 vs 5.381129 at t=514.040080
GetDisplayedPosition 1: car 1, time into run 5.667985 vs 5.381129 at t=514.089816
GetDisplayedPosition 1: car 1, time into run 5.763549 vs 5.381129 at t=514.185381
GetDisplayedPosition 1: car 1, time into run 5.980564 vs 5.381129 at t=514.402396
GetDisplayedPosition 1: car 1, time into run 6.118248 vs 5.381129 at t=514.540080
GetDisplayedPosition 1: car 1, time into run 6.167985 vs 5.381129 at t=514.589816
GetNextCommittableFloor 4: car 1, time into run 5.738168 vs 5.381129 at t=514.610000
GetDisplayedPosition 1: car 1, time into run 6.188168 vs 5.381129 at t=514.610000
GetDisplayedPosition 1: car 1, time into run 6.618248 vs 5.381129 at t=515.040080
GetDisplayedPosition 1: car 1, time into run 6.881129 vs 5.381129 at t=515.302961
GetDisplayedPosition 1: car 1, time into run 7.029114 vs 5.381129 at t=515.450945
GetDisplayedPosition 1: car 1, time into run 7.246129 vs 5.381129 at t=515.667961
GetDisplayedPosition 1: car 1, time into run 7.433549 vs 5.381129 at t=515.855381
GetDisplayedPosition 1: car 1, time into run 7.529114 vs 5.381129 at t=515.950945
GetDisplayedPosition 1: car 1, time into run 7.746129 vs 5.381129 at t=516.167961
GetDisplayedPosition 1: car 1, time into run 7.883813 vs 5.381129 at t=516.305644
GetDisplayedPosition 1: car 1, time into run 7.933549 vs 5.381129 at t=516.355381
GetDisplayedPosition 1: car 1, time into run 8.013631 vs 5.381129 at t=516.435463
GetDisplayedPosition 1: car 1, time into run 8.029114 vs 5.381129 at t=516.450945
GetDisplayedPosition 1: car 1, time into run 7.029114 vs 7.028908 at t=529.432074
GetDisplayedPosition 1: car 1, time into run 7.128454 vs 7.028908 at t=529.531415
GetDisplayedPosition 1: car 1, time into run 7.628454 vs 7.028908 at t=530.031415
GetDisplayedPosition 1: car 1, time into run 7.678066 vs 7.028908 at t=530.081027
GetDisplayedPosition 1: car 1, time into run 7.833549 vs 7.028908 at t=530.236510
GetDisplayedPosition 1: car 1, time into run 7.852684 vs 7.028908 at t=530.255644
GetDisplayedPosition 1: car 1, time into run 8.178066 vs 7.028908 at t=530.581027
GetDisplayedPosition 1: car 1, time into run 8.294678 vs 7.028908 at t=530.697639
GetDisplayedPosition 1: car 1, time into run 8.352684 vs 7.028908 at t=530.755644
GetDisplayedPosition 1: car 1, time into run 8.528908 vs 7.028908 at t=530.931869
GetDisplayedPosition 1: car 1, time into run 8.678066 vs 7.028908 at t=531.081027
GetDisplayedPosition 1: car 1, time into run 8.794678 vs 7.028908 at t=531.197639
GetDisplayedPosition 1: car 1, time into run 8.982502 vs 7.028908 at t=531.385463
GetDisplayedPosition 1: car 1, time into run 9.194678 vs 7.028908 at t=531.597639
GetDisplayedPosition 1: car 1, time into run 9.482502 vs 7.028908 at t=531.885463
GetDisplayedPosition 1: car 1, time into run 9.717908 vs 7.028908 at t=532.120869
GetDisplayedPosition 1: car 1, time into run 9.847039 vs 7.028908 at t=532.250000
GetDisplayedPosition 1: car 1, time into run 9.943631 vs 7.028908 at t=532.346591
GetDisplayedPosition 1: car 2, time into run 5.411129 vs 5.381129 at t=532.346591
GetDisplayedPosition 1: car 1, time into run 9.967039 vs 7.028908 at t=532.370000
GetDisplayedPosition 1: car 2, time into run 5.434537 vs 5.381129 at t=532.370000
GetDisplayedPosition 1: car 1, time into run 10.217908 vs 7.028908 at t=532.620869
GetDisplayedPosition 1: car 2, time into run 5.685406 vs 5.381129 at t=532.620869
GetDisplayedPosition 1: car 1, time into run 10.443631 vs 7.028908 at t=532.846591
GetDisplayedPosition 1: car 2, time into run 5.911129 vs 5.381129 at t=532.846591
GetDisplayedPosition 1: car 1, time into run 10.487039 vs 7.028908 at t=532.890000
GetDisplayedPosition 1: car 2, time into run 5.954537 vs 5.381129 at t=532.890000
GetDisplayedPosition 1: car 2, time into run 6.085406 vs 5.381129 at t=533.020869
GetDisplayedPosition 1: car 2, time into run 6.162176 vs 5.381129 at t=533.097639
GetDisplayedPosition 1: car 1, time into run 5.480564 vs 5.381129 at t=543.512433
GetDisplayedPosition 1: car 1, time into run 5.685770 vs 5.381129 at t=543.717639
GetDisplayedPosition 1: car 1, time into run 5.853594 vs 5.381129 at t=543.885463
GetDisplayedPosition 1: car 1, time into run 5.980564 vs 5.381129 at t=544.012433
GetDisplayedPosition 1: car 1, time into run 6.146899 vs 5.381129 at t=544.178767
GetDisplayedPosition 1: car 1, time into run 6.646899 vs 5.381129 at t=544.678767
GetDisplayedPosition 1: car 1, time into run 6.881129 vs 5.381129 at t=544.912998
GetDisplayedPosition 1: car 1, time into run 7.046899 vs 5.381129 at t=545.078767
GetDisplayedPosition 1: car 1, time into run 7.246129 vs 5.381129 at t=545.277998
GetDisplayedPosition 1: car 1, time into run 7.746129 vs 5.381129 at t=545.777998
GetDisplayedPosition 1: car 1, time into run 7.814722 vs 5.381129 at t=545.846591
HandleNewPassenger: dwellTime is too small for car 7!(69.029963) < (549.120000 - 480.090037)
GetDisplayedPosition 1: car 1, time into run 5.480564 vs 5.381129 at t=557.493562
GetDisplayedPosition 1: car 1, time into run 5.646899 vs 5.381129 at t=557.659896
GetDisplayedPosition 1: car 1, time into run 5.657002 vs 5.381129 at t=557.670000
GetDisplayedPosition 1: car 1, time into run 5.980564 vs 5.381129 at t=557.993562
GetDisplayedPosition 1: car 1, time into run 6.077002 vs 5.381129 at t=558.090000
GetDisplayedPosition 1: car 1, time into run 6.146899 vs 5.381129 at t=558.159896
GetDisplayedPosition 1: car 1, time into run 6.546899 vs 5.381129 at t=558.559896
GetDisplayedPosition 1: car 1, time into run 6.867002 vs 5.381129 at t=558.880000
GetDisplayedPosition 1: car 1, time into run 6.881129 vs 5.381129 at t=558.894127
GetDisplayedPosition 1: car 1, time into run 6.962502 vs 5.381129 at t=558.975500
GetDisplayedPosition 1: car 1, time into run 7.246129 vs 5.381129 at t=559.259127
GetDisplayedPosition 1: car 1, time into run 7.627002 vs 5.381129 at t=559.640000
GetDisplayedPosition 1: car 1, time into run 7.746129 vs 5.381129 at t=559.759127
GetDisplayedPosition 1: car 1, time into run 8.046899 vs 5.381129 at t=560.059896
GetDisplayedPosition 1: car 1, time into run 5.480564 vs 5.381129 at t=571.474691
GetDisplayedPosition 1: car 1, time into run 5.646899 vs 5.381129 at t=571.641025
GetDisplayedPosition 1: car 1, time into run 5.962502 vs 5.381129 at t=571.956629
GetDisplayedPosition 1: car 1, time into run 5.980564 vs 5.381129 at t=571.974691
GetDisplayedPosition 1: car 1, time into run 6.046899 vs 5.381129 at t=572.041025
GetDisplayedPosition 1: car 1, time into run 6.881129 vs 5.381129 at t=572.875256
GetDisplayedPosition 1: car 1, time into run 7.246129 vs 5.381129 at t=573.240256
GetDisplayedPosition 1: car 1, time into run 7.546899 vs 5.381129 at t=573.541025
GetDisplayedPosition 1: car 1, time into run 7.746129 vs 5.381129 at t=573.740256
GetDisplayedPosition 1: car 6, time into run 5.386384 vs 5.381129 at t=585.356384
GetDisplayedPosition 1: car 1, time into run 5.405873 vs 5.381129 at t=585.381129
GetDisplayedPosition 1: car 6, time into run 5.411129 vs 5.381129 at t=585.381129
GetDisplayedPosition 1: car 1, time into run 5.480564 vs 5.381129 at t=585.455820
GetDisplayedPosition 1: car 6, time into run 5.485820 vs 5.381129 at t=585.455820
GetDisplayedPosition 1: car 1, time into run 5.614744 vs 5.381129 at t=585.590000
GetDisplayedPosition 1: car 6, time into run 5.620000 vs 5.381129 at t=585.590000
GetDisplayedPosition 1: car 1, time into run 5.615770 vs 5.381129 at t=585.591025
GetDisplayedPosition 1: car 6, time into run 5.621025 vs 5.381129 at t=585.591025
GetDisplayedPosition 1: car 1, time into run 5.715383 vs 5.381129 at t=585.690639
GetDisplayedPosition 1: car 6, time into run 5.720639 vs 5.381129 at t=585.690639
GetDisplayedPosition 1: car 1, time into run 5.905873 vs 5.381129 at t=585.881129
GetDisplayedPosition 1: car 6, time into run 5.911129 vs 5.381129 at t=585.881129
GetDisplayedPosition 1: car 1, time into run 5.980564 vs 5.381129 at t=585.955820
GetDisplayedPosition 1: car 6, time into run 5.985820 vs 5.381129 at t=585.955820
GetDisplayedPosition 1: car 1, time into run 6.305873 vs 5.381129 at t=586.281129
GetDisplayedPosition 1: car 1, time into run 6.444744 vs 5.381129 at t=586.420000
GetDisplayedPosition 1: car 1, time into run 6.881129 vs 5.381129 at t=586.856384
GetDisplayedPosition 1: car 1, time into run 6.944744 vs 5.381129 at t=586.920000
GetDisplayedPosition 1: car 1, time into run 6.962502 vs 5.381129 at t=586.937757
GetDisplayedPosition 1: car 1, time into run 7.246129 vs 5.381129 at t=587.221384
GetDisplayedPosition 1: car 1, time into run 7.746129 vs 5.381129 at t=587.721384
GetDisplayedPosition 1: car 1, time into run 7.805873 vs 5.381129 at t=587.781129
GetDisplayedPosition 1: car 1, time into run 7.912502 vs 5.381129 at t=587.887757
IsValidTargetCommand: target(0) ncf(0) oper(0) dir(11) at t=589.991025
UpdateTarget 7: idle car 4 dir 1 now with 1 calls at t=593.480000
GetDisplayedPosition 1: car 1, time into run 5.463616 vs 5.381129 at t=599.420000
GetDisplayedPosition 1: car 1, time into run 5.480564 vs 5.381129 at t=599.436949
GetDisplayedPosition 1: car 1, time into run 5.962502 vs 5.381129 at t=599.918886
GetDisplayedPosition 1: car 1, time into run 5.980564 vs 5.381129 at t=599.936949
GetDisplayedPosition 1: car 1, time into run 6.324744 vs 5.381129 at t=600.281129
GetDisplayedPosition 1: car 1, time into run 6.413616 vs 5.381129 at t=600.370000
GetDisplayedPosition 1: car 1, time into run 6.881129 vs 5.381129 at t=600.837513
GetDisplayedPosition 1: car 1, time into run 6.912502 vs 5.381129 at t=600.868886
GetDisplayedPosition 1: car 1, time into run 7.246129 vs 5.381129 at t=601.202513
GetDisplayedPosition 1: car 1, time into run 7.413744 vs 5.381129 at t=601.370129
GetDisplayedPosition 1: car 1, time into run 7.679180 vs 5.381129 at t=601.635564
GetDisplayedPosition 1: car 1, time into run 7.746129 vs 5.381129 at t=601.702513
GetDisplayedPosition 1: car 4, time into run 5.411129 vs 5.381129 at t=610.101767
GetDisplayedPosition 1: car 4, time into run 5.462439 vs 5.381129 at t=610.153078
GetDisplayedPosition 1: car 4, time into run 5.578248 vs 5.381129 at t=610.268886
GetDisplayedPosition 1: car 4, time into run 5.710490 vs 5.381129 at t=610.401129
GetDisplayedPosition 1: car 4, time into run 5.911129 vs 5.381129 at t=610.601767
GetDisplayedPosition 1: car 4, time into run 5.962439 vs 5.381129 at t=610.653078
GetDisplayedPosition 1: car 1, time into run 5.480564 vs 5.381129 at t=613.418078
GetDisplayedPosition 1: car 1, time into run 5.482487 vs 5.381129 at t=613.420000
GetDisplayedPosition 1: car 1, time into run 5.913616 vs 5.381129 at t=613.851129
GetDisplayedPosition 1: car 1, time into run 5.963744 vs 5.381129 at t=613.901258
GetDisplayedPosition 1: car 1, time into run 5.980564 vs 5.381129 at t=613.918078
GetDisplayedPosition 1: car 1, time into run 6.881129 vs 5.381129 at t=614.818642
GetDisplayedPosition 1: car 1, time into run 6.913744 vs 5.381129 at t=614.851258
GetDisplayedPosition 1: car 1, time into run 7.179180 vs 5.381129 at t=615.116693
GetDisplayedPosition 1: car 1, time into run 7.203125 vs 5.381129 at t=615.140639
GetDisplayedPosition 1: car 1, time into run 7.246129 vs 5.381129 at t=615.183642
GetDisplayedPosition 1: car 1, time into run 7.679180 vs 5.381129 at t=615.616693
GetDisplayedPosition 1: car 1, time into run 7.703125 vs 5.381129 at t=615.640639
GetDisplayedPosition 1: car 1, time into run 7.746129 vs 5.381129 at t=615.683642
GetDisplayedPosition 1: car 1, time into run 8.103125 vs 5.381129 at t=616.040639
GetDisplayedPosition 1: car 1, time into run 5.480564 vs 5.381129 at t=629.899207
GetDisplayedPosition 1: car 1, time into run 5.579152 vs 5.381129 at t=629.997795
GetDisplayedPosition 1: car 1, time into run 5.679180 vs 5.381129 at t=630.097822
GetDisplayedPosition 1: car 1, time into run 5.750905 vs 5.381129 at t=630.169547
GetDisplayedPosition 1: car 1, time into run 5.980564 vs 5.381129 at t=630.399207
GetDisplayedPosition 1: car 1, time into run 6.179180 vs 5.381129 at t=630.597822
GetDisplayedPosition 1: car 1, time into run 6.179309 vs 5.381129 at t=630.597951
GetDisplayedPosition 1: car 1, time into run 6.679309 vs 5.381129 at t=631.097951
GetNextCommittableFloor 4: car 1, time into run 6.701358 vs 5.381129 at t=631.570000
GetNextCommittableFloor 4: car 1, time into run 6.701358 vs 5.381129 at t=631.570000
GetDisplayedPosition 1: car 1, time into run 7.151358 vs 5.381129 at t=631.570000
GetDisplayedPosition 1: car 1, time into run 7.179309 vs 5.381129 at t=631.597951
GetDisplayedPosition 1: car 1, time into run 7.246129 vs 5.381129 at t=631.664771
GetDisplayedPosition 1: car 1, time into run 7.250905 vs 5.381129 at t=631.669547
GetDisplayedPosition 1: car 1, time into run 7.444744 vs 5.381129 at t=631.863387
GetDisplayedPosition 1: car 1, time into run 7.579347 vs 5.381129 at t=631.997989
GetDisplayedPosition 1: car 1, time into run 7.746129 vs 5.381129 at t=632.164771
GetDisplayedPosition 1: car 1, time into run 7.841358 vs 5.381129 at t=632.260000
GetDisplayedPosition 1: car 1, time into run 7.944744 vs 5.381129 at t=632.363387
GetDisplayedPosition 1: car 1, time into run 8.079152 vs 5.381129 at t=632.497795
GetDisplayedPosition 1: car 6, time into run 5.481129 vs 5.381129 at t=633.363515
GetDisplayedPosition 1: car 6, time into run 5.565408 vs 5.381129 at t=633.447795
GetDisplayedPosition 1: car 0, time into run 10.395274 vs 10.350000 at t=653.560046
GetDisplayedPosition 1: car 0, time into run 10.450000 vs 10.350000 at t=653.614771
GetDisplayedPosition 1: car 0, time into run 10.679873 vs 10.350000 at t=653.844644
GetDisplayedPosition 1: car 0, time into run 10.895274 vs 10.350000 at t=654.060046
GetDisplayedPosition 1: car 0, time into run 10.950000 vs 10.350000 at t=654.114771
GetDisplayedPosition 1: car 0, time into run 11.165229 vs 10.350000 at t=654.330000
GetDisplayedPosition 1: car 0, time into run 11.350000 vs 10.350000 at t=654.514771
GetDisplayedPosition 1: car 0, time into run 11.395274 vs 10.350000 at t=654.560046
GetDisplayedPosition 1: car 0, time into run 11.427542 vs 10.350000 at t=654.592313
GetDisplayedPosition 1: car 0, time into run 11.495229 vs 10.350000 at t=654.660000
GetDisplayedPosition 1: car 0, time into run 11.535000 vs 10.350000 at t=654.699771
GetDisplayedPosition 1: car 0, time into run 11.629873 vs 10.350000 at t=654.794644
GetDisplayedPosition 1: car 0, time into run 11.927542 vs 10.350000 at t=655.092313
GetDisplayedPosition 1: car 0, time into run 12.035000 vs 10.350000 at t=655.199771
GetDisplayedPosition 1: car 0, time into run 12.275229 vs 10.350000 at t=655.440000
GetDisplayedPosition 1: car 0, time into run 12.327542 vs 10.350000 at t=655.492313
GetDisplayedPosition 1: car 0, time into run 12.405229 vs 10.350000 at t=655.570000
IsValidTargetCommand: target(0) ncf(0) oper(0) dir(11) at t=669.810247
UpdateTarget 7: idle car 4 dir 1 now with 1 calls at t=685.430000
GetDisplayedPosition 1: car 4, time into run 5.411129 vs 5.381129 at t=692.921805
GetDisplayedPosition 1: car 4, time into run 5.661319 vs 5.381129 at t=693.171995
GetDisplayedPosition 1: car 4, time into run 5.911129 vs 5.381129 at t=693.421805
GetDisplayedPosition 1: car 4, time into run 6.043895 vs 5.381129 at t=693.554571
GetDisplayedPosition 1: car 4, time into run 6.061319 vs 5.381129 at t=693.571995
GetDisplayedPosition 1: car 4, time into run 6.189324 vs 5.381129 at t=693.700000
IsValidTargetCommand: target(0) ncf(0) oper(0) dir(11) at t=700.458251
UpdateTarget 7: idle car 0 dir 1 now with 1 calls at t=712.490000
UpdateTarget 7: idle car 3 dir -1 now with 1 calls at t=719.850000
GetDisplayedPosition 1: car 0, time into run 11.450000 vs 11.350000 at t=725.108808
GetDisplayedPosition 1: car 0, time into run 11.475445 vs 11.350000 at t=725.134253
GetDisplayedPosition 1: car 0, time into run 12.425445 vs 11.350000 at t=726.084253
GetDisplayedPosition 1: car 0, time into run 12.850000 vs 11.350000 at t=726.508808
GetDisplayedPosition 1: car 0, time into run 13.150125 vs 11.350000 at t=726.808934
GetDisplayedPosition 1: car 0, time into run 13.355445 vs 11.350000 at t=727.014253
GetDisplayedPosition 1: car 0, time into run 13.650125 vs 11.350000 at t=727.308934
GetDisplayedPosition 1: car 0, time into run 13.839149 vs 11.350000 at t=727.497957
GetDisplayedPosition 1: car 0, time into run 14.150125 vs 11.350000 at t=727.808934
GetDisplayedPosition 1: car 0, time into run 14.264125 vs 11.350000 at t=727.922934
GetDisplayedPosition 1: car 0, time into run 14.621009 vs 11.350000 at t=728.279817
GetDisplayedPosition 1: car 0, time into run 14.950000 vs 11.350000 at t=728.608808
GetDisplayedPosition 1: car 0, time into run 15.121009 vs 11.350000 at t=728.779817
GetDisplayedPosition 1: car 0, time into run 15.450000 vs 11.350000 at t=729.108808
GetDisplayedPosition 1: car 0, time into run 15.450000 vs 11.350000 at t=729.108808
GetDisplayedPosition 1: car 0, time into run 15.621009 vs 11.350000 at t=729.279817
GetDisplayedPosition 1: car 7, time into run 5.411129 vs 5.381129 at t=730.545382
GetDisplayedPosition 1: car 7, time into run 5.450000 vs 5.381129 at t=730.584253
GetDisplayedPosition 1: car 7, time into run 5.813704 vs 5.381129 at t=730.947957
GetDisplayedPosition 1: car 7, time into run 5.911129 vs 5.381129 at t=731.045382
GetDisplayedPosition 1: car 7, time into run 5.932486 vs 5.381129 at t=731.066739
GetDisplayedPosition 1: car 7, time into run 5.950000 vs 5.381129 at t=731.084253
GetDisplayedPosition 1: car 7, time into run 6.238681 vs 5.381129 at t=731.372934
GetDisplayedPosition 1: car 7, time into run 6.285747 vs 5.381129 at t=731.420000
GetDisplayedPosition 1: car 0, time into run 5.480564 vs 5.381129 at t=737.089373
GetDisplayedPosition 1: car 0, time into run 5.695254 vs 5.381129 at t=737.304062
GetDisplayedPosition 1: car 0, time into run 5.980564 vs 5.381129 at t=737.589373
GetDisplayedPosition 1: car 0, time into run 6.881129 vs 5.381129 at t=738.489937
GetTraversalTime 4: car 3 oper 11 (7->3) 738.510000 738.963567 / 12.031103 12.000000 [14.000000]
UpdateTarget 5: 3 7 3 commitment 734.205762 (729.997957 738.963567) at t=738.510000
GetDisplayedPosition 1: car 0, time into run 6.901192 vs 5.381129 at t=738.510000
GetDisplayedPosition 1: car 0, time into run 7.246129 vs 5.381129 at t=738.854937
GetDisplayedPosition 1: car 0, time into run 7.354759 vs 5.381129 at t=738.963567
GetDisplayedPosition 1: car 0, time into run 7.457930 vs 5.381129 at t=739.066739
GetDisplayedPosition 1: car 0, time into run 7.746129 vs 5.381129 at t=739.354937
GetDisplayedPosition 1: car 0, time into run 7.754759 vs 5.381129 at t=739.363567
IsValidTargetCommand: target(0) ncf(0) oper(0) dir(11) at t=741.347957
IsValidTargetCommand: target(0) ncf(0) oper(0) dir(11) at t=750.416739
GetDisplayedPosition 1: car 0, time into run 7.128454 vs 7.028908 at t=750.718391
GetDisplayedPosition 1: car 0, time into run 7.628454 vs 7.028908 at t=751.218391
GetDisplayedPosition 1: car 0, time into run 7.870063 vs 7.028908 at t=751.460000
GetDisplayedPosition 1: car 0, time into run 8.528908 vs 7.028908 at t=752.118846
GetDisplayedPosition 1: car 0, time into run 8.820063 vs 7.028908 at t=752.410000
GetDisplayedPosition 1: car 0, time into run 8.902538 vs 7.028908 at t=752.492475
GetDisplayedPosition 1: car 0, time into run 9.100063 vs 7.028908 at t=752.690000
GetDisplayedPosition 1: car 0, time into run 9.264125 vs 7.028908 at t=752.854062
GetDisplayedPosition 1: car 0, time into run 9.717908 vs 7.028908 at t=753.307846
GetDisplayedPosition 1: car 0, time into run 9.764125 vs 7.028908 at t=753.354062
GetDisplayedPosition 1: car 0, time into run 10.050063 vs 7.028908 at t=753.640000
GetDisplayedPosition 1: car 0, time into run 10.085627 vs 7.028908 at t=753.675564
GetDisplayedPosition 1: car 0, time into run 10.217908 vs 7.028908 at t=753.807846
GetDisplayedPosition 1: car 0, time into run 10.585627 vs 7.028908 at t=754.175564
UpdateTarget 7: idle car 7 dir -1 now with 1 calls at t=759.690000
GetDisplayedPosition 1: car 0, time into run 5.480564 vs 5.381129 at t=763.199410
GetDisplayedPosition 1: car 0, time into run 5.485217 vs 5.381129 at t=763.204062
GetDisplayedPosition 1: car 0, time into run 5.722283 vs 5.381129 at t=763.441129
GetDisplayedPosition 1: car 0, time into run 5.980564 vs 5.381129 at t=763.699410
GetDisplayedPosition 1: car 0, time into run 5.985217 vs 5.381129 at t=763.704062
GetDisplayedPosition 1: car 0, time into run 6.672283 vs 5.381129 at t=764.391129
GetDisplayedPosition 1: car 0, time into run 6.952283 vs 5.381129 at t=764.671129
GetDisplayedPosition 1: car 0, time into run 7.246129 vs 5.381129 at t=764.964974
GetDisplayedPosition 1: car 0, time into run 7.746129 vs 5.381129 at t=765.464974
GetDisplayedPosition 1: car 1, time into run 11.450000 vs 11.350000 at t=785.914974
GetDisplayedPosition 1: car 1, time into run 11.458630 vs 11.350000 at t=785.923604
GetDisplayedPosition 1: car 1, time into run 11.816192 vs 11.350000 at t=786.281166
GetDisplayedPosition 1: car 1, time into run 12.316192 vs 11.350000 at t=786.781166
GetDisplayedPosition 1: car 1, time into run 12.408630 vs 11.350000 at t=786.873604
GetDisplayedPosition 1: car 1, time into run 12.716192 vs 11.350000 at t=787.181166
GetDisplayedPosition 1: car 1, time into run 12.850000 vs 11.350000 at t=787.314974
GetTraversalTime 3: car 7 oper 11 (6->4) 787.340000 786.466259
UpdateTarget 3: 7:6->4 end of run 788.786351 at t=787.340000 index(-3)
UpdateTarget 4: 7 6 4 end of run 780.787351 at t=787.340000
UpdateTarget 5: 7 6 4 commitment 782.876805 (779.837351 780.787351) at t=787.340000
GetNextCommittableFloor 4: car 7, time into run 7.052649 vs 7.028908 at t=787.340000
GetDisplayedPosition 1: car 1, time into run 12.875026 vs 11.350000 at t=787.340000
GetDisplayedPosition 1: car 7, time into run 7.502649 vs 7.028908 at t=787.340000
ProcessNextEvent 0: t_now( 787.340000 ) > Sys.t_nextEvent( 780.787351 )
GetDisplayedPosition 1: car 3, time into run -5.136253 vs 5.381129 at t=780.787351
GetDisplayedPosition 1: car 3, time into run -3.046799 vs 5.381129 at t=782.876805
GetDisplayedPosition 1: car 3, time into run -2.546799 vs 5.381129 at t=783.376805
GetDisplayedPosition 1: car 3, time into run -2.046799 vs 5.381129 at t=783.876805
GetDisplayedPosition 1: car 1, time into run 11.501285 vs 11.350000 at t=785.966259
GetDisplayedPosition 1: car 1, time into run 12.001285 vs 11.350000 at t=786.466259
GetDisplayedPosition 1: car 1, time into run 12.401285 vs 11.350000 at t=786.866259
GetDisplayedPosition 1: car 1, time into run 12.946154 vs 11.350000 at t=787.411129
GetDisplayedPosition 1: car 1, time into run 13.351285 vs 11.350000 at t=787.816259
GetNextCommittableFloor 4: car 1, time into run 13.035026 vs 11.350000 at t=787.950000
GetDisplayedPosition 1: car 1, time into run 13.485026 vs 11.350000 at t=787.950000
GetDisplayedPosition 1: car 1, time into run 13.674194 vs 11.350000 at t=788.139169
GetDisplayedPosition 1: car 1, time into run 13.896154 vs 11.350000 at t=788.361129
GetDisplayedPosition 1: car 1, time into run 14.174194 vs 11.350000 at t=788.639169
GetDisplayedPosition 1: car 1, time into run 14.216192 vs 11.350000 at t=788.681166
GetDisplayedPosition 1: car 1, time into run 14.674194 vs 11.350000 at t=789.139169
GetDisplayedPosition 1: car 1, time into run 14.822376 vs 11.350000 at t=789.287351
GetDisplayedPosition 1: car 1, time into run 14.950000 vs 11.350000 at t=789.414974
GetDisplayedPosition 1: car 1, time into run 15.161719 vs 11.350000 at t=789.626693
GetDisplayedPosition 1: car 1, time into run 15.315026 vs 11.350000 at t=789.780000
GetDisplayedPosition 1: car 1, time into run 15.322376 vs 11.350000 at t=789.787351
GetDisplayedPosition 1: car 1, time into run 15.450000 vs 11.350000 at t=789.914974
GetDisplayedPosition 1: car 1, time into run 15.661719 vs 11.350000 at t=790.126693
GetDisplayedPosition 1: car 1, time into run 15.722376 vs 11.350000 at t=790.187351
GetDisplayedPosition 1: car 1, time into run 5.480564 vs 5.381129 at t=799.895539
GetDisplayedPosition 1: car 1, time into run 5.495100 vs 5.381129 at t=799.910074
GetDisplayedPosition 1: car 1, time into run 5.927283 vs 5.381129 at t=800.342258
GetDisplayedPosition 1: car 1, time into run 5.980564 vs 5.381129 at t=800.395539
GetDisplayedPosition 1: car 1, time into run 5.995100 vs 5.381129 at t=800.410074
GetDisplayedPosition 1: car 1, time into run 6.395100 vs 5.381129 at t=800.810074
GetDisplayedPosition 1: car 1, time into run 6.881129 vs 5.381129 at t=801.296103
GetDisplayedPosition 1: car 1, time into run 7.246129 vs 5.381129 at t=801.661103
GetDisplayedPosition 1: car 1, time into run 7.746129 vs 5.381129 at t=802.161103
GetDisplayedPosition 1: car 1, time into run 7.895100 vs 5.381129 at t=802.310074
GetDisplayedPosition 1: car 1, time into run 7.945026 vs 5.381129 at t=802.360000
GetDisplayedPosition 1: car 1, time into run 8.016738 vs 5.381129 at t=802.431712
GetDisplayedPosition 1: car 6, time into run 5.411129 vs 5.381129 at t=811.173610
GetDisplayedPosition 1: car 6, time into run 5.673076 vs 5.381129 at t=811.435557
GetDisplayedPosition 1: car 6, time into run 5.849187 vs 5.381129 at t=811.611668
GetDisplayedPosition 1: car 6, time into run 5.911129 vs 5.381129 at t=811.673610
GetTraversalTime 4: car 5 oper 11 (7->6) 811.750000 812.891203 / 24.407538 24.000000 [26.000000]
UpdateTarget 5: 5 7 6 commitment 810.125639 (807.910074 812.391203) at t=811.750000
GetDisplayedPosition 1: car 6, time into run 5.987519 vs 5.381129 at t=811.750000
GetDisplayedPosition 1: car 6, time into run 6.173076 vs 5.381129 at t=811.935557
IsValidTargetCommand: target(0) ncf(0) oper(0) dir(11) at t=819.260074
IsValidTargetCommand: target(0) ncf(0) oper(0) dir(11) at t=822.386776
UpdateTarget 7: idle car 4 dir 1 now with 1 calls at t=823.130000
GetDisplayedPosition 1: car 4, time into run 5.411129 vs 5.381129 at t=837.652332
GetDisplayedPosition 1: car 4, time into run 5.452407 vs 5.381129 at t=837.693610
GetDisplayedPosition 1: car 4, time into run 5.452990 vs 5.381129 at t=837.694193
GetDisplayedPosition 1: car 4, time into run 5.911129 vs 5.381129 at t=838.152332
GetDisplayedPosition 1: car 4, time into run 5.952990 vs 5.381129 at t=838.194193
GetDisplayedPosition 1: car 4, time into run 6.295530 vs 5.381129 at t=838.536733
UpdateTarget 7: idle car 2 dir 1 now with 1 calls at t=884.140000
GetDisplayedPosition 1: car 2, time into run 5.411129 vs 5.381129 at t=892.797862
GetDisplayedPosition 1: car 2, time into run 5.454545 vs 5.381129 at t=892.841278
GetDisplayedPosition 1: car 2, time into run 5.911129 vs 5.381129 at t=893.297862
GetDisplayedPosition 1: car 2, time into run 5.954545 vs 5.381129 at t=893.341278
IsValidTargetCommand: target(0) ncf(0) oper(0) dir(11) at t=897.741278
IsValidTargetCommand: target(1) ncf(1) oper(0) dir(11) at t=904.341461
GetDisplayedPosition 1: car 1, time into run 8.396111 vs 8.296222 at t=905.267861
GetDisplayedPosition 1: car 1, time into run 8.468673 vs 8.296222 at t=905.340423
GetDisplayedPosition 1: car 1, time into run 8.896111 vs 8.296222 at t=905.767861
GetDisplayedPosition 1: car 1, time into run 9.099223 vs 8.296222 at t=905.970973
GetDisplayedPosition 1: car 1, time into run 9.418673 vs 8.296222 at t=906.290423
GetDisplayedPosition 1: car 1, time into run 9.464983 vs 8.296222 at t=906.336733
GetDisplayedPosition 1: car 1, time into run 9.599223 vs 8.296222 at t=906.470973
GetDisplayedPosition 1: car 1, time into run 9.796222 vs 8.296222 at t=906.667972
GetDisplayedPosition 1: car 1, time into run 10.099223 vs 8.296222 at t=906.970973
GetDisplayedPosition 1: car 1, time into run 10.414983 vs 8.296222 at t=907.286733
GetDisplayedPosition 1: car 1, time into run 10.684237 vs 8.296222 at t=907.555988
GetDisplayedPosition 1: car 1, time into run 11.184237 vs 8.296222 at t=908.055988
GetDisplayedPosition 1: car 1, time into run 11.619222 vs 8.296222 at t=908.490972
GetDisplayedPosition 1: car 1, time into run 11.680547 vs 8.296222 at t=908.552298
GetDisplayedPosition 1: car 1, time into run 11.684237 vs 8.296222 at t=908.555988
GetDisplayedPosition 1: car 1, time into run 12.119222 vs 8.296222 at t=908.990972
GetDisplayedPosition 1: car 1, time into run 12.180547 vs 8.296222 at t=909.052298
GetDisplayedPosition 1: car 1, time into run 10.434709 vs 10.350000 at t=924.202681
GetDisplayedPosition 1: car 1, time into run 10.449000 vs 10.350000 at t=924.216972
GetDisplayedPosition 1: car 1, time into run 10.765454 vs 10.350000 at t=924.533426
GetDisplayedPosition 1: car 1, time into run 11.850000 vs 10.350000 at t=925.617972
GetDisplayedPosition 1: car 1, time into run 12.031019 vs 10.350000 at t=925.798991
GetDisplayedPosition 1: car 1, time into run 12.531019 vs 10.350000 at t=926.298991
GetDisplayedPosition 1: car 1, time into run 12.907241 vs 10.350000 at t=926.675213
GetDisplayedPosition 1: car 1, time into run 12.931019 vs 10.350000 at t=926.698991
GetDisplayedPosition 1: car 1, time into run 13.034709 vs 10.350000 at t=926.802681
GetDisplayedPosition 1: car 1, time into run 13.949000 vs 10.350000 at t=927.716972
GetDisplayedPosition 1: car 1, time into run 14.431019 vs 10.350000 at t=928.198991
GetDisplayedPosition 1: car 1, time into run 14.449000 vs 10.350000 at t=928.216972
GetDisplayedPosition 1: car 1, time into run 14.633546 vs 10.350000 at t=928.401518
IsValidTargetCommand: target(0) ncf(0) oper(0) dir(11) at t=938.099101
GetDisplayedPosition 1: car 1, time into run 5.480564 vs 5.381129 at t=938.198537
GetDisplayedPosition 1: car 1, time into run 5.562147 vs 5.381129 at t=938.280120
GetDisplayedPosition 1: car 1, time into run 5.907241 vs 5.381129 at t=938.625213
GetDisplayedPosition 1: car 1, time into run 5.962147 vs 5.381129 at t=938.680120
GetDisplayedPosition 1: car 1, time into run 5.980564 vs 5.381129 at t=938.698537
GetDisplayedPosition 1: car 1, time into run 6.407241 vs 5.381129 at t=939.125213
IsValidTargetCommand: target(0) ncf(0) oper(0) dir(11) at t=939.525213
GetDisplayedPosition 1: car 1, time into run 6.807241 vs 5.381129 at t=939.525213
GetDisplayedPosition 1: car 1, time into run 7.034709 vs 5.381129 at t=939.752681
GetDisplayedPosition 1: car 1, time into run 7.246129 vs 5.381129 at t=939.964101
GetDisplayedPosition 1: car 1, time into run 7.462147 vs 5.381129 at t=940.180120
GetDisplayedPosition 1: car 1, time into run 7.534709 vs 5.381129 at t=940.252681
GetDisplayedPosition 1: car 1, time into run 7.633546 vs 5.381129 at t=940.351518
GetDisplayedPosition 1: car 1, time into run 7.746129 vs 5.381129 at t=940.464101
IsValidTargetCommand: target(0) ncf(0) oper(0) dir(11) at t=940.652681
GetDisplayedPosition 1: car 1, time into run 7.934709 vs 5.381129 at t=940.652681
GetDisplayedPosition 1: car 1, time into run 8.133546 vs 5.381129 at t=940.851518
IsValidTargetCommand: target(1) ncf(1) oper(0) dir(11) at t=940.864101
IsValidTargetCommand: target(1) ncf(1) oper(0) dir(11) at t=945.251518
IsValidTargetCommand: target(1) ncf(1) oper(0) dir(11) at t=961.130120
IsValidTargetCommand: target(0) ncf(0) oper(0) dir(11) at t=12.696222
UpdateTarget 7: idle car 0 dir 1 now with 1 calls at t=20.060000
UpdateTarget 7: idle car 5 dir -1 now with 1 calls at t=31.080000
GetDisplayedPosition 1: car 0, time into run 11.450000 vs 11.350000 at t=41.828908
GetDisplayedPosition 1: car 0, time into run 11.450000 vs 11.350000 at t=41.828908
GetDisplayedPosition 1: car 0, time into run 11.484240 vs 11.350000 at t=41.863148
GetDisplayedPosition 1: car 0, time into run 11.484240 vs 11.350000 at t=41.863148
GetDisplayedPosition 1: car 0, time into run 11.984240 vs 11.350000 at t=42.363148
GetDisplayedPosition 1: car 0, time into run 11.984240 vs 11.350000 at t=42.363148
GetDisplayedPosition 1: car 0, time into run 12.132258 vs 11.350000 at t=42.511166
GetDisplayedPosition 1: car 0, time into run 12.132258 vs 11.350000 at t=42.511166
GetDisplayedPosition 1: car 0, time into run 12.237314 vs 11.350000 at t=42.616222
GetDisplayedPosition 1: car 0, time into run 12.237314 vs 11.350000 at t=42.616222
GetDisplayedPosition 1: car 0, time into run 12.484129 vs 11.350000 at t=42.863037
GetDisplayedPosition 1: car 0, time into run 12.484129 vs 11.350000 at t=42.863037
GetDisplayedPosition 1: car 0, time into run 12.549571 vs 11.350000 at t=42.928480
GetDisplayedPosition 1: car 0, time into run 12.549571 vs 11.350000 at t=42.928480
GetDisplayedPosition 1: car 0, time into run 12.850000 vs 11.350000 at t=43.228908
GetDisplayedPosition 1: car 0, time into run 12.850000 vs 11.350000 at t=43.228908
GetDisplayedPosition 1: car 0, time into run 13.049571 vs 11.350000 at t=43.428480
GetDisplayedPosition 1: car 0, time into run 13.049571 vs 11.350000 at t=43.428480
GetDisplayedPosition 1: car 0, time into run 13.371092 vs 11.350000 at t=43.750000
GetDisplayedPosition 1: car 0, time into run 13.449571 vs 11.350000 at t=43.828480
GetDisplayedPosition 1: car 0, time into run 13.449571 vs 11.350000 at t=43.828480
GetDisplayedPosition 1: car 0, time into run 14.326768 vs 11.350000 at t=44.705676
GetDisplayedPosition 1: car 0, time into run 14.326768 vs 11.350000 at t=44.705676
GetDisplayedPosition 1: car 0, time into run 14.521092 vs 11.350000 at t=44.900000
GetDisplayedPosition 1: car 0, time into run 14.521092 vs 11.350000 at t=44.900000
GetDisplayedPosition 1: car 0, time into run 14.707351 vs 11.350000 at t=45.086259
GetDisplayedPosition 1: car 0, time into run 14.707351 vs 11.350000 at t=45.086259
GetDisplayedPosition 1: car 0, time into run 14.732258 vs 11.350000 at t=45.111166
GetDisplayedPosition 1: car 0, time into run 14.732258 vs 11.350000 at t=45.111166
GetDisplayedPosition 1: car 0, time into run 14.826768 vs 11.350000 at t=45.205676
GetDisplayedPosition 1: car 0, time into run 14.826768 vs 11.350000 at t=45.205676
GetDisplayedPosition 1: car 0, time into run 14.950000 vs 11.350000 at t=45.328908
GetDisplayedPosition 1: car 0, time into run 14.950000 vs 11.350000 at t=45.328908
GetDisplayedPosition 1: car 0, time into run 15.207240 vs 11.350000 at t=45.586148
GetDisplayedPosition 1: car 0, time into run 15.207240 vs 11.350000 at t=45.586148
GetDisplayedPosition 1: car 0, time into run 15.207351 vs 11.350000 at t=45.586259
GetDisplayedPosition 1: car 0, time into run 15.207351 vs 11.350000 at t=45.586259
GetDisplayedPosition 1: car 0, time into run 15.326768 vs 11.350000 at t=45.705676
GetDisplayedPosition 1: car 0, time into run 15.326768 vs 11.350000 at t=45.705676
GetDisplayedPosition 1: car 0, time into run 15.450000 vs 11.350000 at t=45.828908
GetDisplayedPosition 1: car 0, time into run 15.450000 vs 11.350000 at t=45.828908
GetDisplayedPosition 1: car 0, time into run 15.450000 vs 11.350000 at t=45.828908
GetDisplayedPosition 1: car 0, time into run 15.450000 vs 11.350000 at t=45.828908
IsValidTargetCommand: target(0) ncf(0) oper(0) dir(11) at t=45.986259
GetDisplayedPosition 1: car 0, time into run 15.607351 vs 11.350000 at t=45.986259
GetDisplayedPosition 1: car 0, time into run 15.607351 vs 11.350000 at t=45.986259
GetDisplayedPosition 1: car 0, time into run 15.707240 vs 11.350000 at t=46.086148
GetDisplayedPosition 1: car 5, time into run 8.396111 vs 8.296222 at t=46.086148
GetDisplayedPosition 1: car 0, time into run 15.707240 vs 11.350000 at t=46.086148
GetDisplayedPosition 1: car 5, time into run 8.396111 vs 8.296222 at t=46.086148
GetDisplayedPosition 1: car 5, time into run 8.538871 vs 8.296222 at t=46.228908
GetDisplayedPosition 1: car 5, time into run 8.538871 vs 8.296222 at t=46.228908
GetDisplayedPosition 1: car 5, time into run 8.896111 vs 8.296222 at t=46.586148
GetDisplayedPosition 1: car 5, time into run 8.896111 vs 8.296222 at t=46.586148
GetDisplayedPosition 1: car 5, time into run 9.921129 vs 8.296222 at t=47.611166
GetDisplayedPosition 1: car 5, time into run 9.921129 vs 8.296222 at t=47.611166
GetDisplayedPosition 1: car 5, time into run 10.105093 vs 8.296222 at t=47.795130
GetDisplayedPosition 1: car 5, time into run 10.105093 vs 8.296222 at t=47.795130
GetDisplayedPosition 1: car 5, time into run 10.605093 vs 8.296222 at t=48.295130
GetDisplayedPosition 1: car 5, time into run 10.605093 vs 8.296222 at t=48.295130
GetDisplayedPosition 1: car 5, time into run 10.638871 vs 8.296222 at t=48.328908
GetDisplayedPosition 1: car 5, time into run 10.638871 vs 8.296222 at t=48.328908
GetDisplayedPosition 1: car 5, time into run 10.799963 vs 8.296222 at t=48.490000
GetDisplayedPosition 1: car 5, time into run 10.799963 vs 8.296222 at t=48.490000
GetDisplayedPosition 1: car 5, time into run 10.871129 vs 8.296222 at t=48.561166
GetDisplayedPosition 1: car 5, time into run 10.871129 vs 8.296222 at t=48.561166
GetDisplayedPosition 1: car 5, time into run 10.871129 vs 8.296222 at t=48.561166
GetDisplayedPosition 1: car 5, time into run 10.871129 vs 8.296222 at t=48.561166
GetDisplayedPosition 1: car 5, time into run 11.005093 vs 8.296222 at t=48.695130
GetDisplayedPosition 1: car 5, time into run 11.005093 vs 8.296222 at t=48.695130
GetDisplayedPosition 1: car 5, time into run 11.588871 vs 8.296222 at t=49.278908
GetDisplayedPosition 1: car 5, time into run 11.588871 vs 8.296222 at t=49.278908
GetDisplayedPosition 1: car 5, time into run 11.619222 vs 8.296222 at t=49.309259
GetDisplayedPosition 1: car 5, time into run 11.619222 vs 8.296222 at t=49.309259
GetDisplayedPosition 1: car 5, time into run 12.019963 vs 8.296222 at t=49.710000
GetDisplayedPosition 1: car 5, time into run 12.019963 vs 8.296222 at t=49.710000
GetDisplayedPosition 1: car 5, time into run 12.119222 vs 8.296222 at t=49.809259
GetDisplayedPosition 1: car 5, time into run 12.119222 vs 8.296222 at t=49.809259
GetDisplayedPosition 1: car 5, time into run 12.136693 vs 8.296222 at t=49.826731
GetDisplayedPosition 1: car 5, time into run 12.136693 vs 8.296222 at t=49.826731
GetDisplayedPosition 1: car 5, time into run 12.505093 vs 8.296222 at t=50.195130
GetDisplayedPosition 1: car 5, time into run 12.505093 vs 8.296222 at t=50.195130
GetDisplayedPosition 1: car 0, time into run 5.480564 vs 5.381129 at t=53.809473
GetDisplayedPosition 1: car 0, time into run 5.480564 vs 5.381129 at t=53.809473
GetDisplayedPosition 1: car 0, time into run 5.980564 vs 5.381129 at t=54.309473
GetDisplayedPosition 1: car 0, time into run 5.980564 vs 5.381129 at t=54.309473
GetDisplayedPosition 1: car 0, time into run 6.051092 vs 5.381129 at t=54.380000
GetDisplayedPosition 1: car 0, time into run 6.051092 vs 5.381129 at t=54.380000
GetDisplayedPosition 1: car 0, time into run 6.881129 vs 5.381129 at t=55.210037
GetDisplayedPosition 1: car 0, time into run 6.881129 vs 5.381129 at t=55.210037
GetDisplayedPosition 1: car 0, time into run 6.966222 vs 5.381129 at t=55.295130
GetDisplayedPosition 1: car 0, time into run 6.966222 vs 5.381129 at t=55.295130
GetDisplayedPosition 1: car 0, time into run 7.246129 vs 5.381129 at t=55.575037
GetDisplayedPosition 1: car 0, time into run 7.246129 vs 5.381129 at t=55.575037
GetDisplayedPosition 1: car 0, time into run 7.746129 vs 5.381129 at t=56.075037
GetDisplayedPosition 1: car 0, time into run 7.746129 vs 5.381129 at t=56.075037
GetDisplayedPosition 1: car 0, time into run 7.747868 vs 5.381129 at t=56.076776
GetDisplayedPosition 1: car 0, time into run 7.747868 vs 5.381129 at t=56.076776
GetDisplayedPosition 1: car 0, time into run 7.916222 vs 5.381129 at t=56.245130
GetDisplayedPosition 1: car 0, time into run 7.916222 vs 5.381129 at t=56.245130
GetDisplayedPosition 1: car 0, time into run 7.980351 vs 5.381129 at t=56.309259
GetDisplayedPosition 1: car 0, time into run 7.980351 vs 5.381129 at t=56.309259
UpdateTarget 7: idle car 4 dir 1 now with 1 calls at t=99.690000
GetDisplayedPosition 1: car 0, time into run 11.363000 vs 11.350000 at t=99.738610
GetDisplayedPosition 1: car 0, time into run 11.363000 vs 11.350000 at t=99.738610
GetDisplayedPosition 1: car 0, time into run 11.794390 vs 11.350000 at t=100.170000
GetDisplayedPosition 1: car 0, time into run 11.794390 vs 11.350000 at t=100.170000
GetDisplayedPosition 1: car 0, time into run 11.797388 vs 11.350000 at t=100.172998
GetDisplayedPosition 1: car 0, time into run 11.797388 vs 11.350000 at t=100.172998
GetDisplayedPosition 1: car 0, time into run 11.863000 vs 11.350000 at t=100.238610
GetDisplayedPosition 1: car 0, time into run 11.863000 vs 11.350000 at t=100.238610
GetDisplayedPosition 1: car 0, time into run 12.024390 vs 11.350000 at t=100.400000
GetDisplayedPosition 1: car 0, time into run 12.024390 vs 11.350000 at t=100.400000
GetDisplayedPosition 1: car 0, time into run 12.074390 vs 11.350000 at t=100.450000
GetDisplayedPosition 1: car 0, time into run 12.074390 vs 11.350000 at t=100.450000
UpdateTarget 7: idle car 7 dir -1 now with 1 calls at t=110.540000
GetDisplayedPosition 1: car 4, time into run 5.411129 vs 5.381129 at t=112.961129
GetDisplayedPosition 1: car 4, time into run 5.411129 vs 5.381129 at t=112.961129
GetDisplayedPosition 1: car 4, time into run 5.599071 vs 5.381129 at t=113.149071
GetDisplayedPosition 1: car 4, time into run 5.599071 vs 5.381129 at t=113.149071
GetDisplayedPosition 1: car 4, time into run 5.860000 vs 5.381129 at t=113.410000
GetDisplayedPosition 1: car 4, time into run 5.860000 vs 5.381129 at t=113.410000
GetDisplayedPosition 1: car 4, time into run 5.911129 vs 5.381129 at t=113.461129
GetDisplayedPosition 1: car 4, time into run 5.911129 vs 5.381129 at t=113.461129
GetDisplayedPosition 1: car 4, time into run 6.138610 vs 5.381129 at t=113.688610
GetDisplayedPosition 1: car 4, time into run 6.138610 vs 5.381129 at t=113.688610
GetTraversalTime 4: car 1 oper 11 (11->5) 120.130000 120.188610 / 20.000067 20.000000 [22.000000]
UpdateTarget 5: 1 11 5 commitment 115.688610 (109.238610 120.188610) at t=120.130000
GetTraversalTime 3: car 7 oper 11 (7->6) 121.120000 120.630200
UpdateTarget 3: 7:7->6 end of run 124.599071 at t=121.120000 index(-3)
UpdateTarget 4: 7 7 6 end of run 116.599071 at t=121.120000
UpdateTarget 5: 7 7 6 commitment 117.864635 (115.649071 116.599071) at t=121.120000
GetDisplayedPosition 1: car 7, time into run 5.470929 vs 5.381129 at t=121.120000
GetDisplayedPosition 1: car 7, time into run 5.470929 vs 5.381129 at t=121.120000
ProcessNextEvent 0: t_now( 121.120000 ) > Sys.t_nextEvent( 116.599071 )
UpdateFloorForAllCars: currentPos (21.358156 > 20.000000) for hoistway (0) at t=116.599071
GetDisplayedPosition 1: car 1, time into run -3.989539 vs 5.381129 at t=116.599071
GetDisplayedPosition 1: car 1, time into run -3.989539 vs 5.381129 at t=116.599071
GetDisplayedPosition 1: car 1, time into run -2.723975 vs 5.381129 at t=117.864635
GetDisplayedPosition 1: car 1, time into run -2.723975 vs 5.381129 at t=117.864635
GetDisplayedPosition 1: car 1, time into run -2.223975 vs 5.381129 at t=118.364635
GetDisplayedPosition 1: car 1, time into run -2.223975 vs 5.381129 at t=118.364635
GetDisplayedPosition 1: car 1, time into run -1.723975 vs 5.381129 at t=118.864635
GetDisplayedPosition 1: car 1, time into run -1.723975 vs 5.381129 at t=118.864635
GetDisplayedPosition 1: car 1, time into run -0.458410 vs 5.381129 at t=120.130200
GetDisplayedPosition 1: car 1, time into run -0.458410 vs 5.381129 at t=120.130200
