

////////////////////////////////////////////////////
Engine version: 060119, time: Fri Feb 03 15:01:11 2006

RegeneratePlan(hwy=1,time=292.012000)
Regenerated
RegeneratePlan(hwy=0,time=700.364000)
Regenerated


////////////////////////////////////////////////////
Engine version: 060119, time: Fri Feb 03 15:09:42 2006

RegeneratePlan(hwy=1,time=292.012000)
Regenerated
RegeneratePlan(hwy=0,time=700.364000)
Regenerated


////////////////////////////////////////////////////
Engine version: 060119, time: Fri Feb 03 15:14:06 2006



////////////////////////////////////////////////////
Engine version: 060119, time: Fri Feb 03 15:14:52 2006



////////////////////////////////////////////////////
Engine version: 060119, time: Fri Feb 03 15:14:58 2006

RegeneratePlan(hwy=1,time=292.012000)
Regenerated
RegeneratePlan(hwy=0,time=700.364000)
Regenerated


////////////////////////////////////////////////////
Engine version: 060119, time: Fri Feb 03 15:35:11 2006

RegeneratePlan(hwy=0,time=418.199000)
Regenerated
RegeneratePlan(hwy=2,time=984.537000)
Regenerated
RegeneratePlan(hwy=0,time=2019.047000)
Regenerated
RegeneratePlan(hwy=0,time=2053.803000)
Regenerated


////////////////////////////////////////////////////
Engine version: 060119, time: Fri Feb 03 15:41:25 2006

RegeneratePlan(hwy=0,time=418.199000)
Regenerated
RegeneratePlan(hwy=2,time=984.537000)
Regenerated


////////////////////////////////////////////////////
Engine version: 060119, time: Fri Feb 03 16:23:26 2006



////////////////////////////////////////////////////
Engine version: 060119, time: Fri Feb 03 16:23:34 2006

RegeneratePlan(hwy=0,time=418.199000)
Regenerated
RegeneratePlan(hwy=2,time=984.537000)
Regenerated


////////////////////////////////////////////////////
Engine version: 060119, time: Fri Feb 03 16:45:27 2006



////////////////////////////////////////////////////
Engine version: 060119, time: Fri Feb 03 16:45:35 2006



////////////////////////////////////////////////////
Engine version: 060119, time: Fri Feb 03 16:46:25 2006

RegeneratePlan(hwy=0,time=418.199000)
Regenerated
RegeneratePlan(hwy=2,time=984.537000)
Regenerated


////////////////////////////////////////////////////
Engine version: 060119, time: Fri Feb 03 17:06:38 2006

RegeneratePlan(hwy=0,time=418.199000)
Regenerated
RegeneratePlan(hwy=2,time=984.537000)
Regenerated


////////////////////////////////////////////////////
Engine version: 060119, time: Tue Feb 07 15:23:15 2006



////////////////////////////////////////////////////
Engine version: 060119, time: Tue Feb 07 15:25:18 2006



////////////////////////////////////////////////////
Engine version: 060119, time: Tue Feb 07 15:54:29 2006

RegeneratePlan(hwy=0,time=418.199000)
Regenerated
RegeneratePlan(hwy=2,time=984.537000)
Regenerated
RegeneratePlan(hwy=0,time=2019.047000)
Regenerated
RegeneratePlan(hwy=0,time=2053.803000)
Regenerated


////////////////////////////////////////////////////
Engine version: 060119, time: Thu Feb 09 08:58:22 2006

RegeneratePlan(hwy=0,time=418.199000)
Regenerated


////////////////////////////////////////////////////
Engine version: 060119, time: Thu Feb 09 09:00:04 2006

RegeneratePlan(hwy=0,time=418.199000)
Regenerated


////////////////////////////////////////////////////
Engine version: 060119, time: Fri Feb 10 15:41:03 2006



////////////////////////////////////////////////////
Engine version: 060119, time: Mon Feb 13 11:47:32 2006



////////////////////////////////////////////////////
Engine version: 060119, time: Mon Feb 13 11:50:14 2006



////////////////////////////////////////////////////
Engine version: 060119, time: Mon Feb 13 11:51:42 2006



////////////////////////////////////////////////////
Engine version: 060119, time: Mon Feb 13 11:52:59 2006



////////////////////////////////////////////////////
Engine version: 060119, time: Mon Feb 13 12:01:37 2006



////////////////////////////////////////////////////
Engine version: 060119, time: Mon Feb 13 12:04:16 2006



////////////////////////////////////////////////////
Engine version: 060119, time: Mon Feb 13 13:59:30 2006



////////////////////////////////////////////////////
Engine version: 060119, time: Mon Feb 13 14:10:06 2006



////////////////////////////////////////////////////
Engine version: 060119, time: Mon Feb 13 14:12:47 2006



////////////////////////////////////////////////////
Engine version: 060119, time: Mon Feb 13 14:16:45 2006



////////////////////////////////////////////////////
Engine version: 060119, time: Mon Feb 13 16:27:08 2006



////////////////////////////////////////////////////
Engine version: 060119, time: Mon Feb 13 16:41:57 2006



////////////////////////////////////////////////////
Engine version: 060119, time: Mon Feb 13 16:49:30 2006



////////////////////////////////////////////////////
Engine version: 060119, time: Mon Feb 13 16:55:15 2006



////////////////////////////////////////////////////
Engine version: 060119, time: Mon Feb 13 17:11:17 2006



////////////////////////////////////////////////////
Engine version: 060119, time: Mon Feb 13 17:12:40 2006



////////////////////////////////////////////////////
Engine version: 060119, time: Mon Feb 13 17:21:12 2006



////////////////////////////////////////////////////
Engine version: 060119, time: Mon Feb 13 17:28:13 2006



////////////////////////////////////////////////////
Engine version: 060119, time: Mon Feb 13 17:33:18 2006



////////////////////////////////////////////////////
Engine version: 060119, time: Mon Feb 13 17:38:05 2006



////////////////////////////////////////////////////
Engine version: 060119, time: Mon Feb 13 17:41:05 2006



////////////////////////////////////////////////////
Engine version: 060119, time: Mon Feb 13 17:46:44 2006



////////////////////////////////////////////////////
Engine version: 060119, time: Tue Feb 14 10:05:27 2006



////////////////////////////////////////////////////
Engine version: 060119, time: Tue Feb 14 12:28:29 2006



////////////////////////////////////////////////////
Engine version: 060119, time: Tue Feb 14 14:51:13 2006



////////////////////////////////////////////////////
Engine version: 060119, time: Tue Feb 14 15:37:54 2006



////////////////////////////////////////////////////
Engine version: 060119, time: Tue Feb 14 16:10:54 2006



////////////////////////////////////////////////////
Engine version: 060119, time: Tue Feb 14 16:34:58 2006



////////////////////////////////////////////////////
Engine version: 060119, time: Wed Feb 15 07:46:38 2006



////////////////////////////////////////////////////
Engine version: 060119, time: Wed Feb 15 08:56:04 2006



////////////////////////////////////////////////////
Engine version: 060119, time: Thu Feb 16 11:40:47 2006



////////////////////////////////////////////////////
Engine version: 060119, time: Wed Feb 22 12:07:19 2006

